L 08/22/2021 - 20:33:48: SourceMod error session started
L 08/22/2021 - 20:33:48: Info (map "trikz_practice") (file "I:\steamCMD\trikz server\cssds\cstrike\addons\sourcemod\logs\errors_20210822.log")
L 08/22/2021 - 20:33:48: [SM] Exception reported: This plugin requires one of the cURL, Socket, SteamTools, or SteamWorks extensions to function.
L 08/22/2021 - 20:33:48: [SM] Blaming: updater.smx
L 08/22/2021 - 20:33:48: [SM] Call stack trace:
L 08/22/2021 - 20:33:48: [SM]   [0] SetFailState
L 08/22/2021 - 20:33:48: [SM]   [1] Line 102, D:\Downloads\Unsorted\sourcemod-1.6.3-windows\addons\sourcemod\scripting\updater.sp::OnPluginStart
L 08/22/2021 - 20:33:48: [SM] Unable to load plugin "updater.smx": Error detected in plugin startup (see error logs)
L 08/22/2021 - 20:33:51: [nextmap.smx] FATAL: Cannot load map cycle. Nextmap not loaded.
L 08/22/2021 - 20:33:51: [SM] Exception reported: Mapcycle Not Found
L 08/22/2021 - 20:33:51: [SM] Blaming: nextmap.smx
L 08/22/2021 - 20:33:51: [SM] Call stack trace:
L 08/22/2021 - 20:33:51: [SM]   [0] SetFailState
L 08/22/2021 - 20:33:51: [SM]   [1] Line 143, D:\builds\build-sourcemod-msvc12\windows-1.10\build\plugins\nextmap.sp::FindAndSetNextMap
L 08/22/2021 - 20:33:51: [SM]   [2] Line 113, D:\builds\build-sourcemod-msvc12\windows-1.10\build\plugins\nextmap.sp::OnConfigsExecuted
L 08/22/2021 - 20:33:57: Error log file session closed.
L 08/22/2021 - 20:40:15: SourceMod error session started
L 08/22/2021 - 20:40:15: Info (map "trikz_practice") (file "i:\steamcmd\trikz_server\cssds\cstrike\addons\sourcemod\logs\errors_20210822.log")
L 08/22/2021 - 20:40:15: [SM] Exception reported: This plugin requires one of the cURL, Socket, SteamTools, or SteamWorks extensions to function.
L 08/22/2021 - 20:40:15: [SM] Blaming: updater.smx
L 08/22/2021 - 20:40:15: [SM] Call stack trace:
L 08/22/2021 - 20:40:15: [SM]   [0] SetFailState
L 08/22/2021 - 20:40:15: [SM]   [1] Line 102, D:\Downloads\Unsorted\sourcemod-1.6.3-windows\addons\sourcemod\scripting\updater.sp::OnPluginStart
L 08/22/2021 - 20:40:15: [SM] Unable to load plugin "updater.smx": Error detected in plugin startup (see error logs)
L 08/22/2021 - 20:40:15: [nextmap.smx] FATAL: Cannot load map cycle. Nextmap not loaded.
L 08/22/2021 - 20:40:15: [SM] Exception reported: Mapcycle Not Found
L 08/22/2021 - 20:40:15: [SM] Blaming: nextmap.smx
L 08/22/2021 - 20:40:15: [SM] Call stack trace:
L 08/22/2021 - 20:40:15: [SM]   [0] SetFailState
L 08/22/2021 - 20:40:15: [SM]   [1] Line 143, D:\builds\build-sourcemod-msvc12\windows-1.10\build\plugins\nextmap.sp::FindAndSetNextMap
L 08/22/2021 - 20:40:15: [SM]   [2] Line 113, D:\builds\build-sourcemod-msvc12\windows-1.10\build\plugins\nextmap.sp::OnConfigsExecuted
L 08/22/2021 - 20:41:06: Error log file session closed.
L 08/22/2021 - 20:41:10: SourceMod error session started
L 08/22/2021 - 20:41:10: Info (map "trikz_practice") (file "i:\steamcmd\trikz_server\cssds\cstrike\addons\sourcemod\logs\errors_20210822.log")
L 08/22/2021 - 20:41:10: [SM] Exception reported: This plugin requires one of the cURL, Socket, SteamTools, or SteamWorks extensions to function.
L 08/22/2021 - 20:41:10: [SM] Blaming: updater.smx
L 08/22/2021 - 20:41:10: [SM] Call stack trace:
L 08/22/2021 - 20:41:10: [SM]   [0] SetFailState
L 08/22/2021 - 20:41:10: [SM]   [1] Line 102, D:\Downloads\Unsorted\sourcemod-1.6.3-windows\addons\sourcemod\scripting\updater.sp::OnPluginStart
L 08/22/2021 - 20:41:10: [SM] Unable to load plugin "updater.smx": Error detected in plugin startup (see error logs)
L 08/22/2021 - 20:41:11: [nextmap.smx] FATAL: Cannot load map cycle. Nextmap not loaded.
L 08/22/2021 - 20:41:11: [SM] Exception reported: Mapcycle Not Found
L 08/22/2021 - 20:41:11: [SM] Blaming: nextmap.smx
L 08/22/2021 - 20:41:11: [SM] Call stack trace:
L 08/22/2021 - 20:41:11: [SM]   [0] SetFailState
L 08/22/2021 - 20:41:11: [SM]   [1] Line 143, D:\builds\build-sourcemod-msvc12\windows-1.10\build\plugins\nextmap.sp::FindAndSetNextMap
L 08/22/2021 - 20:41:11: [SM]   [2] Line 113, D:\builds\build-sourcemod-msvc12\windows-1.10\build\plugins\nextmap.sp::OnConfigsExecuted
L 08/22/2021 - 20:42:37: SourceMod error session started
L 08/22/2021 - 20:42:37: Info (map "trikz_practice") (file "i:\steamcmd\trikz_server\cssds\cstrike\addons\sourcemod\logs\errors_20210822.log")
L 08/22/2021 - 20:42:37: [SM] Exception reported: This plugin requires one of the cURL, Socket, SteamTools, or SteamWorks extensions to function.
L 08/22/2021 - 20:42:37: [SM] Blaming: updater.smx
L 08/22/2021 - 20:42:37: [SM] Call stack trace:
L 08/22/2021 - 20:42:37: [SM]   [0] SetFailState
L 08/22/2021 - 20:42:37: [SM]   [1] Line 102, D:\Downloads\Unsorted\sourcemod-1.6.3-windows\addons\sourcemod\scripting\updater.sp::OnPluginStart
L 08/22/2021 - 20:42:37: [SM] Unable to load plugin "updater.smx": Error detected in plugin startup (see error logs)
L 08/22/2021 - 20:42:37: [nextmap.smx] FATAL: Cannot load map cycle. Nextmap not loaded.
L 08/22/2021 - 20:42:37: [SM] Exception reported: Mapcycle Not Found
L 08/22/2021 - 20:42:37: [SM] Blaming: nextmap.smx
L 08/22/2021 - 20:42:37: [SM] Call stack trace:
L 08/22/2021 - 20:42:37: [SM]   [0] SetFailState
L 08/22/2021 - 20:42:37: [SM]   [1] Line 143, D:\builds\build-sourcemod-msvc12\windows-1.10\build\plugins\nextmap.sp::FindAndSetNextMap
L 08/22/2021 - 20:42:37: [SM]   [2] Line 113, D:\builds\build-sourcemod-msvc12\windows-1.10\build\plugins\nextmap.sp::OnConfigsExecuted
L 08/22/2021 - 20:49:30: Error log file session closed.
L 08/22/2021 - 20:49:30: SourceMod error session started
L 08/22/2021 - 20:49:30: Info (map "trikz_kyoto_final") (file "i:\steamcmd\trikz_server\cssds\cstrike\addons\sourcemod\logs\errors_20210822.log")
L 08/22/2021 - 20:49:30: [nextmap.smx] FATAL: Cannot load map cycle. Nextmap not loaded.
L 08/22/2021 - 20:49:30: [SM] Exception reported: Mapcycle Not Found
L 08/22/2021 - 20:49:30: [SM] Blaming: nextmap.smx
L 08/22/2021 - 20:49:30: [SM] Call stack trace:
L 08/22/2021 - 20:49:30: [SM]   [0] SetFailState
L 08/22/2021 - 20:49:30: [SM]   [1] Line 143, D:\builds\build-sourcemod-msvc12\windows-1.10\build\plugins\nextmap.sp::FindAndSetNextMap
L 08/22/2021 - 20:49:30: [SM]   [2] Line 113, D:\builds\build-sourcemod-msvc12\windows-1.10\build\plugins\nextmap.sp::OnConfigsExecuted
L 08/22/2021 - 20:50:46: Error log file session closed.
L 08/22/2021 - 20:50:46: SourceMod error session started
L 08/22/2021 - 20:50:46: Info (map "trikz_pharaohs_tomb") (file "i:\steamcmd\trikz_server\cssds\cstrike\addons\sourcemod\logs\errors_20210822.log")
L 08/22/2021 - 20:50:46: [nextmap.smx] FATAL: Cannot load map cycle. Nextmap not loaded.
L 08/22/2021 - 20:50:46: [SM] Exception reported: Mapcycle Not Found
L 08/22/2021 - 20:50:46: [SM] Blaming: nextmap.smx
L 08/22/2021 - 20:50:46: [SM] Call stack trace:
L 08/22/2021 - 20:50:46: [SM]   [0] SetFailState
L 08/22/2021 - 20:50:46: [SM]   [1] Line 143, D:\builds\build-sourcemod-msvc12\windows-1.10\build\plugins\nextmap.sp::FindAndSetNextMap
L 08/22/2021 - 20:50:46: [SM]   [2] Line 113, D:\builds\build-sourcemod-msvc12\windows-1.10\build\plugins\nextmap.sp::OnConfigsExecuted
L 08/22/2021 - 20:59:23: Error log file session closed.
L 08/22/2021 - 20:59:23: SourceMod error session started
L 08/22/2021 - 20:59:23: Info (map "trikz_move") (file "i:\steamcmd\trikz_server\cssds\cstrike\addons\sourcemod\logs\errors_20210822.log")
L 08/22/2021 - 20:59:23: [nextmap.smx] FATAL: Cannot load map cycle. Nextmap not loaded.
L 08/22/2021 - 20:59:23: [SM] Exception reported: Mapcycle Not Found
L 08/22/2021 - 20:59:23: [SM] Blaming: nextmap.smx
L 08/22/2021 - 20:59:23: [SM] Call stack trace:
L 08/22/2021 - 20:59:23: [SM]   [0] SetFailState
L 08/22/2021 - 20:59:23: [SM]   [1] Line 143, D:\builds\build-sourcemod-msvc12\windows-1.10\build\plugins\nextmap.sp::FindAndSetNextMap
L 08/22/2021 - 20:59:23: [SM]   [2] Line 113, D:\builds\build-sourcemod-msvc12\windows-1.10\build\plugins\nextmap.sp::OnConfigsExecuted
L 08/22/2021 - 21:02:08: Error log file session closed.
L 08/22/2021 - 21:02:08: SourceMod error session started
L 08/22/2021 - 21:02:08: Info (map "trikz_Desert_b7") (file "i:\steamcmd\trikz_server\cssds\cstrike\addons\sourcemod\logs\errors_20210822.log")
L 08/22/2021 - 21:02:08: [nextmap.smx] FATAL: Cannot load map cycle. Nextmap not loaded.
L 08/22/2021 - 21:02:08: [SM] Exception reported: Mapcycle Not Found
L 08/22/2021 - 21:02:08: [SM] Blaming: nextmap.smx
L 08/22/2021 - 21:02:08: [SM] Call stack trace:
L 08/22/2021 - 21:02:08: [SM]   [0] SetFailState
L 08/22/2021 - 21:02:09: [SM]   [1] Line 143, D:\builds\build-sourcemod-msvc12\windows-1.10\build\plugins\nextmap.sp::FindAndSetNextMap
L 08/22/2021 - 21:02:09: [SM]   [2] Line 113, D:\builds\build-sourcemod-msvc12\windows-1.10\build\plugins\nextmap.sp::OnConfigsExecuted
L 08/22/2021 - 21:06:32: Error log file session closed.
L 08/22/2021 - 21:06:32: SourceMod error session started
L 08/22/2021 - 21:06:32: Info (map "Trikz_Failtime") (file "i:\steamcmd\trikz_server\cssds\cstrike\addons\sourcemod\logs\errors_20210822.log")
L 08/22/2021 - 21:06:32: [nextmap.smx] FATAL: Cannot load map cycle. Nextmap not loaded.
L 08/22/2021 - 21:06:32: [SM] Exception reported: Mapcycle Not Found
L 08/22/2021 - 21:06:32: [SM] Blaming: nextmap.smx
L 08/22/2021 - 21:06:32: [SM] Call stack trace:
L 08/22/2021 - 21:06:32: [SM]   [0] SetFailState
L 08/22/2021 - 21:06:32: [SM]   [1] Line 143, D:\builds\build-sourcemod-msvc12\windows-1.10\build\plugins\nextmap.sp::FindAndSetNextMap
L 08/22/2021 - 21:06:32: [SM]   [2] Line 113, D:\builds\build-sourcemod-msvc12\windows-1.10\build\plugins\nextmap.sp::OnConfigsExecuted
L 08/22/2021 - 21:07:40: Error log file session closed.
L 08/22/2021 - 21:07:40: SourceMod error session started
L 08/22/2021 - 21:07:40: Info (map "trikz_TinTin") (file "i:\steamcmd\trikz_server\cssds\cstrike\addons\sourcemod\logs\errors_20210822.log")
L 08/22/2021 - 21:07:40: [nextmap.smx] FATAL: Cannot load map cycle. Nextmap not loaded.
L 08/22/2021 - 21:07:40: [SM] Exception reported: Mapcycle Not Found
L 08/22/2021 - 21:07:40: [SM] Blaming: nextmap.smx
L 08/22/2021 - 21:07:40: [SM] Call stack trace:
L 08/22/2021 - 21:07:40: [SM]   [0] SetFailState
L 08/22/2021 - 21:07:40: [SM]   [1] Line 143, D:\builds\build-sourcemod-msvc12\windows-1.10\build\plugins\nextmap.sp::FindAndSetNextMap
L 08/22/2021 - 21:07:40: [SM]   [2] Line 113, D:\builds\build-sourcemod-msvc12\windows-1.10\build\plugins\nextmap.sp::OnConfigsExecuted
L 08/22/2021 - 21:08:50: Error log file session closed.
L 08/22/2021 - 21:08:51: SourceMod error session started
L 08/22/2021 - 21:08:51: Info (map "trikz_alpha") (file "i:\steamcmd\trikz_server\cssds\cstrike\addons\sourcemod\logs\errors_20210822.log")
L 08/22/2021 - 21:08:51: [nextmap.smx] FATAL: Cannot load map cycle. Nextmap not loaded.
L 08/22/2021 - 21:08:51: [SM] Exception reported: Mapcycle Not Found
L 08/22/2021 - 21:08:51: [SM] Blaming: nextmap.smx
L 08/22/2021 - 21:08:51: [SM] Call stack trace:
L 08/22/2021 - 21:08:51: [SM]   [0] SetFailState
L 08/22/2021 - 21:08:51: [SM]   [1] Line 143, D:\builds\build-sourcemod-msvc12\windows-1.10\build\plugins\nextmap.sp::FindAndSetNextMap
L 08/22/2021 - 21:08:51: [SM]   [2] Line 113, D:\builds\build-sourcemod-msvc12\windows-1.10\build\plugins\nextmap.sp::OnConfigsExecuted
L 08/22/2021 - 21:09:15: Error log file session closed.
L 08/22/2021 - 21:09:15: SourceMod error session started
L 08/22/2021 - 21:09:15: Info (map "trikz_diversity_final") (file "i:\steamcmd\trikz_server\cssds\cstrike\addons\sourcemod\logs\errors_20210822.log")
L 08/22/2021 - 21:09:15: [nextmap.smx] FATAL: Cannot load map cycle. Nextmap not loaded.
L 08/22/2021 - 21:09:15: [SM] Exception reported: Mapcycle Not Found
L 08/22/2021 - 21:09:15: [SM] Blaming: nextmap.smx
L 08/22/2021 - 21:09:15: [SM] Call stack trace:
L 08/22/2021 - 21:09:15: [SM]   [0] SetFailState
L 08/22/2021 - 21:09:15: [SM]   [1] Line 143, D:\builds\build-sourcemod-msvc12\windows-1.10\build\plugins\nextmap.sp::FindAndSetNextMap
L 08/22/2021 - 21:09:15: [SM]   [2] Line 113, D:\builds\build-sourcemod-msvc12\windows-1.10\build\plugins\nextmap.sp::OnConfigsExecuted
L 08/22/2021 - 21:38:24: SourceMod error session started
L 08/22/2021 - 21:38:24: Info (map "trikz_practice") (file "i:\steamcmd\trikz_server\cssds\cstrike\addons\sourcemod\logs\errors_20210822.log")
L 08/22/2021 - 21:38:24: [SM] Exception reported: This plugin requires one of the cURL, Socket, SteamTools, or SteamWorks extensions to function.
L 08/22/2021 - 21:38:24: [SM] Blaming: updater.smx
L 08/22/2021 - 21:38:24: [SM] Call stack trace:
L 08/22/2021 - 21:38:24: [SM]   [0] SetFailState
L 08/22/2021 - 21:38:24: [SM]   [1] Line 102, D:\Downloads\Unsorted\sourcemod-1.6.3-windows\addons\sourcemod\scripting\updater.sp::OnPluginStart
L 08/22/2021 - 21:38:24: [SM] Unable to load plugin "updater.smx": Error detected in plugin startup (see error logs)
L 08/22/2021 - 21:38:25: [nextmap.smx] FATAL: Cannot load map cycle. Nextmap not loaded.
L 08/22/2021 - 21:38:25: [SM] Exception reported: Mapcycle Not Found
L 08/22/2021 - 21:38:25: [SM] Blaming: nextmap.smx
L 08/22/2021 - 21:38:25: [SM] Call stack trace:
L 08/22/2021 - 21:38:25: [SM]   [0] SetFailState
L 08/22/2021 - 21:38:25: [SM]   [1] Line 143, D:\builds\build-sourcemod-msvc12\windows-1.10\build\plugins\nextmap.sp::FindAndSetNextMap
L 08/22/2021 - 21:38:25: [SM]   [2] Line 113, D:\builds\build-sourcemod-msvc12\windows-1.10\build\plugins\nextmap.sp::OnConfigsExecuted
L 08/22/2021 - 21:39:13: Error log file session closed.
L 08/22/2021 - 21:39:13: SourceMod error session started
L 08/22/2021 - 21:39:13: Info (map "trikz_tanyaisawhore") (file "i:\steamcmd\trikz_server\cssds\cstrike\addons\sourcemod\logs\errors_20210822.log")
L 08/22/2021 - 21:39:13: [nextmap.smx] FATAL: Cannot load map cycle. Nextmap not loaded.
L 08/22/2021 - 21:39:13: [SM] Exception reported: Mapcycle Not Found
L 08/22/2021 - 21:39:13: [SM] Blaming: nextmap.smx
L 08/22/2021 - 21:39:13: [SM] Call stack trace:
L 08/22/2021 - 21:39:13: [SM]   [0] SetFailState
L 08/22/2021 - 21:39:13: [SM]   [1] Line 143, D:\builds\build-sourcemod-msvc12\windows-1.10\build\plugins\nextmap.sp::FindAndSetNextMap
L 08/22/2021 - 21:39:13: [SM]   [2] Line 113, D:\builds\build-sourcemod-msvc12\windows-1.10\build\plugins\nextmap.sp::OnConfigsExecuted
