L 08/17/2021 - 01:08:40: SourceMod error session started
L 08/17/2021 - 01:08:40: Info (map "trikz_daemon") (file "C:\Users\wille\Desktop\css\cssds\cstrike\addons\sourcemod\logs\errors_20210817.log")
L 08/17/2021 - 01:08:40: [SM] Exception reported: MySQL is the only supported database engine for shavit-rankings.
L 08/17/2021 - 01:08:40: [SM] Blaming: shavit-rankings.smx
L 08/17/2021 - 01:08:40: [SM] Call stack trace:
L 08/17/2021 - 01:08:40: [SM]   [0] SetFailState
L 08/17/2021 - 01:08:40: [SM]   [1] Line 227, D:\sourcemod-1.10.0-git6510-windows\addons\sourcemod\scripting\shavit-rankings.sp::Shavit_OnDatabaseLoaded
L 08/17/2021 - 01:08:40: [SM]   [3] Call_Finish
L 08/17/2021 - 01:08:40: [SM]   [4] Line 3304, D:\sourcemod-1.10.0-git6510-windows\addons\sourcemod\scripting\shavit-core.sp::SQL_CreateUsersTable_Callback
L 08/17/2021 - 01:09:51: Error log file session closed.
L 08/17/2021 - 01:10:35: SourceMod error session started
L 08/17/2021 - 01:10:35: Info (map "trikz_daemon") (file "C:\Users\wille\Desktop\css\cssds\cstrike\addons\sourcemod\logs\errors_20210817.log")
L 08/17/2021 - 01:10:35: [SM] Exception reported: MySQL is the only supported database engine for shavit-rankings.
L 08/17/2021 - 01:10:35: [SM] Blaming: shavit-rankings.smx
L 08/17/2021 - 01:10:35: [SM] Call stack trace:
L 08/17/2021 - 01:10:35: [SM]   [0] SetFailState
L 08/17/2021 - 01:10:35: [SM]   [1] Line 227, D:\sourcemod-1.10.0-git6510-windows\addons\sourcemod\scripting\shavit-rankings.sp::Shavit_OnDatabaseLoaded
L 08/17/2021 - 01:10:35: [SM]   [3] Call_Finish
L 08/17/2021 - 01:10:35: [SM]   [4] Line 3304, D:\sourcemod-1.10.0-git6510-windows\addons\sourcemod\scripting\shavit-core.sp::SQL_CreateUsersTable_Callback
L 08/17/2021 - 01:11:05: Error log file session closed.
L 08/17/2021 - 01:13:57: SourceMod error session started
L 08/17/2021 - 01:13:57: Info (map "trikz_daemon") (file "C:\Users\wille\Desktop\css\cssds\cstrike\addons\sourcemod\logs\errors_20210817.log")
L 08/17/2021 - 01:13:57: [SM] Exception reported: MySQL is the only supported database engine for shavit-rankings.
L 08/17/2021 - 01:13:57: [SM] Blaming: shavit-rankings.smx
L 08/17/2021 - 01:13:57: [SM] Call stack trace:
L 08/17/2021 - 01:13:57: [SM]   [0] SetFailState
L 08/17/2021 - 01:13:57: [SM]   [1] Line 227, D:\sourcemod-1.10.0-git6510-windows\addons\sourcemod\scripting\shavit-rankings.sp::Shavit_OnDatabaseLoaded
L 08/17/2021 - 01:13:57: [SM]   [3] Call_Finish
L 08/17/2021 - 01:13:57: [SM]   [4] Line 3304, D:\sourcemod-1.10.0-git6510-windows\addons\sourcemod\scripting\shavit-core.sp::SQL_CreateUsersTable_Callback
L 08/17/2021 - 01:14:07: [SM] Exception reported: String formatted incorrectly - parameter 3 (total 3)
L 08/17/2021 - 01:14:07: [SM] Blaming: WilzzusThrowStats.smx
L 08/17/2021 - 01:14:07: [SM] Call stack trace:
L 08/17/2021 - 01:14:07: [SM]   [0] PrintToChat
L 08/17/2021 - 01:14:07: [SM]   [1] Line 57, C:\Users\wille\Documents\WilzzusThrowStats.sp::Event_PlayerJump
L 08/17/2021 - 01:14:23: [SM] Exception reported: String formatted incorrectly - parameter 3 (total 3)
L 08/17/2021 - 01:14:23: [SM] Blaming: WilzzusThrowStats.smx
L 08/17/2021 - 01:14:23: [SM] Call stack trace:
L 08/17/2021 - 01:14:23: [SM]   [0] PrintToChat
L 08/17/2021 - 01:14:23: [SM]   [1] Line 57, C:\Users\wille\Documents\WilzzusThrowStats.sp::Event_PlayerJump
L 08/17/2021 - 01:14:25: [SM] Exception reported: String formatted incorrectly - parameter 3 (total 3)
L 08/17/2021 - 01:14:25: [SM] Blaming: WilzzusThrowStats.smx
L 08/17/2021 - 01:14:25: [SM] Call stack trace:
L 08/17/2021 - 01:14:25: [SM]   [0] PrintToChat
L 08/17/2021 - 01:14:25: [SM]   [1] Line 57, C:\Users\wille\Documents\WilzzusThrowStats.sp::Event_PlayerJump
L 08/17/2021 - 01:14:29: [SM] Exception reported: String formatted incorrectly - parameter 3 (total 3)
L 08/17/2021 - 01:14:29: [SM] Blaming: WilzzusThrowStats.smx
L 08/17/2021 - 01:14:29: [SM] Call stack trace:
L 08/17/2021 - 01:14:29: [SM]   [0] PrintToChat
L 08/17/2021 - 01:14:29: [SM]   [1] Line 57, C:\Users\wille\Documents\WilzzusThrowStats.sp::Event_PlayerJump
L 08/17/2021 - 01:15:15: [SM] Exception reported: String formatted incorrectly - parameter 3 (total 3)
L 08/17/2021 - 01:15:15: [SM] Blaming: WilzzusThrowStats.smx
L 08/17/2021 - 01:15:15: [SM] Call stack trace:
L 08/17/2021 - 01:15:15: [SM]   [0] PrintToChat
L 08/17/2021 - 01:15:15: [SM]   [1] Line 57, C:\Users\wille\Documents\WilzzusThrowStats.sp::Event_PlayerJump
L 08/17/2021 - 01:15:17: [SM] Exception reported: String formatted incorrectly - parameter 3 (total 3)
L 08/17/2021 - 01:15:17: [SM] Blaming: WilzzusThrowStats.smx
L 08/17/2021 - 01:15:17: [SM] Call stack trace:
L 08/17/2021 - 01:15:17: [SM]   [0] PrintToChat
L 08/17/2021 - 01:15:17: [SM]   [1] Line 57, C:\Users\wille\Documents\WilzzusThrowStats.sp::Event_PlayerJump
L 08/17/2021 - 01:15:22: [SM] Exception reported: String formatted incorrectly - parameter 3 (total 3)
L 08/17/2021 - 01:15:22: [SM] Blaming: WilzzusThrowStats.smx
L 08/17/2021 - 01:15:22: [SM] Call stack trace:
L 08/17/2021 - 01:15:22: [SM]   [0] PrintToChat
L 08/17/2021 - 01:15:22: [SM]   [1] Line 57, C:\Users\wille\Documents\WilzzusThrowStats.sp::Event_PlayerJump
L 08/17/2021 - 01:15:26: [SM] Exception reported: String formatted incorrectly - parameter 3 (total 3)
L 08/17/2021 - 01:15:26: [SM] Blaming: WilzzusThrowStats.smx
L 08/17/2021 - 01:15:26: [SM] Call stack trace:
L 08/17/2021 - 01:15:26: [SM]   [0] PrintToChat
L 08/17/2021 - 01:15:26: [SM]   [1] Line 57, C:\Users\wille\Documents\WilzzusThrowStats.sp::Event_PlayerJump
L 08/17/2021 - 01:16:05: Error log file session closed.
L 08/17/2021 - 01:16:52: SourceMod error session started
L 08/17/2021 - 01:16:52: Info (map "trikz_daemon") (file "C:\Users\wille\Desktop\css\cssds\cstrike\addons\sourcemod\logs\errors_20210817.log")
L 08/17/2021 - 01:16:52: [SM] Exception reported: MySQL is the only supported database engine for shavit-rankings.
L 08/17/2021 - 01:16:52: [SM] Blaming: shavit-rankings.smx
L 08/17/2021 - 01:16:52: [SM] Call stack trace:
L 08/17/2021 - 01:16:52: [SM]   [0] SetFailState
L 08/17/2021 - 01:16:52: [SM]   [1] Line 227, D:\sourcemod-1.10.0-git6510-windows\addons\sourcemod\scripting\shavit-rankings.sp::Shavit_OnDatabaseLoaded
L 08/17/2021 - 01:16:52: [SM]   [3] Call_Finish
L 08/17/2021 - 01:16:52: [SM]   [4] Line 3304, D:\sourcemod-1.10.0-git6510-windows\addons\sourcemod\scripting\shavit-core.sp::SQL_CreateUsersTable_Callback
L 08/17/2021 - 01:17:24: Error log file session closed.
L 08/17/2021 - 01:18:04: SourceMod error session started
L 08/17/2021 - 01:18:04: Info (map "trikz_daemon") (file "C:\Users\wille\Desktop\css\cssds\cstrike\addons\sourcemod\logs\errors_20210817.log")
L 08/17/2021 - 01:18:04: [SM] Exception reported: MySQL is the only supported database engine for shavit-rankings.
L 08/17/2021 - 01:18:04: [SM] Blaming: shavit-rankings.smx
L 08/17/2021 - 01:18:04: [SM] Call stack trace:
L 08/17/2021 - 01:18:04: [SM]   [0] SetFailState
L 08/17/2021 - 01:18:04: [SM]   [1] Line 227, D:\sourcemod-1.10.0-git6510-windows\addons\sourcemod\scripting\shavit-rankings.sp::Shavit_OnDatabaseLoaded
L 08/17/2021 - 01:18:04: [SM]   [3] Call_Finish
L 08/17/2021 - 01:18:04: [SM]   [4] Line 3304, D:\sourcemod-1.10.0-git6510-windows\addons\sourcemod\scripting\shavit-core.sp::SQL_CreateUsersTable_Callback
L 08/17/2021 - 01:37:31: Error log file session closed.
L 08/17/2021 - 01:37:37: SourceMod error session started
L 08/17/2021 - 01:37:37: Info (map "trikz_daemon") (file "C:\Users\wille\Desktop\css\cssds\cstrike\addons\sourcemod\logs\errors_20210817.log")
L 08/17/2021 - 01:37:37: [SM] Exception reported: MySQL is the only supported database engine for shavit-rankings.
L 08/17/2021 - 01:37:37: [SM] Blaming: shavit-rankings.smx
L 08/17/2021 - 01:37:37: [SM] Call stack trace:
L 08/17/2021 - 01:37:37: [SM]   [0] SetFailState
L 08/17/2021 - 01:37:37: [SM]   [1] Line 227, D:\sourcemod-1.10.0-git6510-windows\addons\sourcemod\scripting\shavit-rankings.sp::Shavit_OnDatabaseLoaded
L 08/17/2021 - 01:37:37: [SM]   [3] Call_Finish
L 08/17/2021 - 01:37:37: [SM]   [4] Line 3304, D:\sourcemod-1.10.0-git6510-windows\addons\sourcemod\scripting\shavit-core.sp::SQL_CreateUsersTable_Callback
L 08/17/2021 - 01:53:05: Error log file session closed.
L 08/17/2021 - 01:53:20: SourceMod error session started
L 08/17/2021 - 01:53:20: Info (map "trikz_daemon") (file "C:\Users\wille\Desktop\css\cssds\cstrike\addons\sourcemod\logs\errors_20210817.log")
L 08/17/2021 - 01:53:20: [SM] Exception reported: MySQL is the only supported database engine for shavit-rankings.
L 08/17/2021 - 01:53:20: [SM] Blaming: shavit-rankings.smx
L 08/17/2021 - 01:53:20: [SM] Call stack trace:
L 08/17/2021 - 01:53:20: [SM]   [0] SetFailState
L 08/17/2021 - 01:53:20: [SM]   [1] Line 227, D:\sourcemod-1.10.0-git6510-windows\addons\sourcemod\scripting\shavit-rankings.sp::Shavit_OnDatabaseLoaded
L 08/17/2021 - 01:53:20: [SM]   [3] Call_Finish
L 08/17/2021 - 01:53:20: [SM]   [4] Line 3304, D:\sourcemod-1.10.0-git6510-windows\addons\sourcemod\scripting\shavit-core.sp::SQL_CreateUsersTable_Callback
L 08/17/2021 - 02:02:38: Error log file session closed.
L 08/17/2021 - 02:02:44: SourceMod error session started
L 08/17/2021 - 02:02:44: Info (map "trikz_daemon") (file "C:\Users\wille\Desktop\css\cssds\cstrike\addons\sourcemod\logs\errors_20210817.log")
L 08/17/2021 - 02:02:44: [SM] Exception reported: MySQL is the only supported database engine for shavit-rankings.
L 08/17/2021 - 02:02:44: [SM] Blaming: shavit-rankings.smx
L 08/17/2021 - 02:02:44: [SM] Call stack trace:
L 08/17/2021 - 02:02:44: [SM]   [0] SetFailState
L 08/17/2021 - 02:02:44: [SM]   [1] Line 227, D:\sourcemod-1.10.0-git6510-windows\addons\sourcemod\scripting\shavit-rankings.sp::Shavit_OnDatabaseLoaded
L 08/17/2021 - 02:02:44: [SM]   [3] Call_Finish
L 08/17/2021 - 02:02:44: [SM]   [4] Line 3304, D:\sourcemod-1.10.0-git6510-windows\addons\sourcemod\scripting\shavit-core.sp::SQL_CreateUsersTable_Callback
L 08/17/2021 - 02:10:15: Error log file session closed.
L 08/17/2021 - 02:10:20: SourceMod error session started
L 08/17/2021 - 02:10:20: Info (map "trikz_daemon") (file "C:\Users\wille\Desktop\css\cssds\cstrike\addons\sourcemod\logs\errors_20210817.log")
L 08/17/2021 - 02:10:20: [SM] Exception reported: MySQL is the only supported database engine for shavit-rankings.
L 08/17/2021 - 02:10:20: [SM] Blaming: shavit-rankings.smx
L 08/17/2021 - 02:10:20: [SM] Call stack trace:
L 08/17/2021 - 02:10:20: [SM]   [0] SetFailState
L 08/17/2021 - 02:10:20: [SM]   [1] Line 227, D:\sourcemod-1.10.0-git6510-windows\addons\sourcemod\scripting\shavit-rankings.sp::Shavit_OnDatabaseLoaded
L 08/17/2021 - 02:10:20: [SM]   [3] Call_Finish
L 08/17/2021 - 02:10:20: [SM]   [4] Line 3304, D:\sourcemod-1.10.0-git6510-windows\addons\sourcemod\scripting\shavit-core.sp::SQL_CreateUsersTable_Callback
L 08/17/2021 - 02:14:24: Error log file session closed.
L 08/17/2021 - 02:21:40: SourceMod error session started
L 08/17/2021 - 02:21:40: Info (map "trikz_daemon") (file "C:\Users\wille\Desktop\css\cssds\cstrike\addons\sourcemod\logs\errors_20210817.log")
L 08/17/2021 - 02:21:40: [SM] Exception reported: MySQL is the only supported database engine for shavit-rankings.
L 08/17/2021 - 02:21:40: [SM] Blaming: shavit-rankings.smx
L 08/17/2021 - 02:21:40: [SM] Call stack trace:
L 08/17/2021 - 02:21:40: [SM]   [0] SetFailState
L 08/17/2021 - 02:21:40: [SM]   [1] Line 227, D:\sourcemod-1.10.0-git6510-windows\addons\sourcemod\scripting\shavit-rankings.sp::Shavit_OnDatabaseLoaded
L 08/17/2021 - 02:21:40: [SM]   [3] Call_Finish
L 08/17/2021 - 02:21:40: [SM]   [4] Line 3304, D:\sourcemod-1.10.0-git6510-windows\addons\sourcemod\scripting\shavit-core.sp::SQL_CreateUsersTable_Callback
L 08/17/2021 - 02:24:00: Error log file session closed.
L 08/17/2021 - 02:45:03: SourceMod error session started
L 08/17/2021 - 02:45:03: Info (map "trikz_daemon") (file "C:\Users\wille\Desktop\css\cssds\cstrike\addons\sourcemod\logs\errors_20210817.log")
L 08/17/2021 - 02:45:03: [SM] Exception reported: MySQL is the only supported database engine for shavit-rankings.
L 08/17/2021 - 02:45:03: [SM] Blaming: shavit-rankings.smx
L 08/17/2021 - 02:45:03: [SM] Call stack trace:
L 08/17/2021 - 02:45:03: [SM]   [0] SetFailState
L 08/17/2021 - 02:45:03: [SM]   [1] Line 227, D:\sourcemod-1.10.0-git6510-windows\addons\sourcemod\scripting\shavit-rankings.sp::Shavit_OnDatabaseLoaded
L 08/17/2021 - 02:45:03: [SM]   [3] Call_Finish
L 08/17/2021 - 02:45:03: [SM]   [4] Line 3304, D:\sourcemod-1.10.0-git6510-windows\addons\sourcemod\scripting\shavit-core.sp::SQL_CreateUsersTable_Callback
L 08/17/2021 - 02:51:17: Error log file session closed.
L 08/17/2021 - 03:06:03: SourceMod error session started
L 08/17/2021 - 03:06:03: Info (map "trikz_daemon") (file "C:\Users\wille\Desktop\css\cssds\cstrike\addons\sourcemod\logs\errors_20210817.log")
L 08/17/2021 - 03:06:03: [SM] Exception reported: MySQL is the only supported database engine for shavit-rankings.
L 08/17/2021 - 03:06:03: [SM] Blaming: shavit-rankings.smx
L 08/17/2021 - 03:06:03: [SM] Call stack trace:
L 08/17/2021 - 03:06:03: [SM]   [0] SetFailState
L 08/17/2021 - 03:06:03: [SM]   [1] Line 227, D:\sourcemod-1.10.0-git6510-windows\addons\sourcemod\scripting\shavit-rankings.sp::Shavit_OnDatabaseLoaded
L 08/17/2021 - 03:06:03: [SM]   [3] Call_Finish
L 08/17/2021 - 03:06:03: [SM]   [4] Line 3304, D:\sourcemod-1.10.0-git6510-windows\addons\sourcemod\scripting\shavit-core.sp::SQL_CreateUsersTable_Callback
L 08/17/2021 - 03:13:57: Error log file session closed.
L 08/17/2021 - 03:14:04: SourceMod error session started
L 08/17/2021 - 03:14:04: Info (map "trikz_daemon") (file "C:\Users\wille\Desktop\css\cssds\cstrike\addons\sourcemod\logs\errors_20210817.log")
L 08/17/2021 - 03:14:04: [SM] Exception reported: MySQL is the only supported database engine for shavit-rankings.
L 08/17/2021 - 03:14:04: [SM] Blaming: shavit-rankings.smx
L 08/17/2021 - 03:14:04: [SM] Call stack trace:
L 08/17/2021 - 03:14:04: [SM]   [0] SetFailState
L 08/17/2021 - 03:14:04: [SM]   [1] Line 227, D:\sourcemod-1.10.0-git6510-windows\addons\sourcemod\scripting\shavit-rankings.sp::Shavit_OnDatabaseLoaded
L 08/17/2021 - 03:14:04: [SM]   [3] Call_Finish
L 08/17/2021 - 03:14:04: [SM]   [4] Line 3304, D:\sourcemod-1.10.0-git6510-windows\addons\sourcemod\scripting\shavit-core.sp::SQL_CreateUsersTable_Callback
L 08/17/2021 - 03:17:08: Error log file session closed.
L 08/17/2021 - 03:17:19: SourceMod error session started
L 08/17/2021 - 03:17:19: Info (map "trikz_daemon") (file "C:\Users\wille\Desktop\css\cssds\cstrike\addons\sourcemod\logs\errors_20210817.log")
L 08/17/2021 - 03:17:19: [SM] Exception reported: MySQL is the only supported database engine for shavit-rankings.
L 08/17/2021 - 03:17:19: [SM] Blaming: shavit-rankings.smx
L 08/17/2021 - 03:17:19: [SM] Call stack trace:
L 08/17/2021 - 03:17:19: [SM]   [0] SetFailState
L 08/17/2021 - 03:17:19: [SM]   [1] Line 227, D:\sourcemod-1.10.0-git6510-windows\addons\sourcemod\scripting\shavit-rankings.sp::Shavit_OnDatabaseLoaded
L 08/17/2021 - 03:17:19: [SM]   [3] Call_Finish
L 08/17/2021 - 03:17:19: [SM]   [4] Line 3304, D:\sourcemod-1.10.0-git6510-windows\addons\sourcemod\scripting\shavit-core.sp::SQL_CreateUsersTable_Callback
L 08/17/2021 - 03:18:14: Error log file session closed.
L 08/17/2021 - 03:25:23: SourceMod error session started
L 08/17/2021 - 03:25:23: Info (map "trikz_daemon") (file "C:\Users\wille\Desktop\css\cssds\cstrike\addons\sourcemod\logs\errors_20210817.log")
L 08/17/2021 - 03:25:23: [SM] Exception reported: MySQL is the only supported database engine for shavit-rankings.
L 08/17/2021 - 03:25:23: [SM] Blaming: shavit-rankings.smx
L 08/17/2021 - 03:25:23: [SM] Call stack trace:
L 08/17/2021 - 03:25:23: [SM]   [0] SetFailState
L 08/17/2021 - 03:25:23: [SM]   [1] Line 227, D:\sourcemod-1.10.0-git6510-windows\addons\sourcemod\scripting\shavit-rankings.sp::Shavit_OnDatabaseLoaded
L 08/17/2021 - 03:25:23: [SM]   [3] Call_Finish
L 08/17/2021 - 03:25:23: [SM]   [4] Line 3304, D:\sourcemod-1.10.0-git6510-windows\addons\sourcemod\scripting\shavit-core.sp::SQL_CreateUsersTable_Callback
L 08/17/2021 - 03:34:43: Error log file session closed.
L 08/17/2021 - 03:40:04: SourceMod error session started
L 08/17/2021 - 03:40:04: Info (map "trikz_daemon") (file "C:\Users\wille\Desktop\css\cssds\cstrike\addons\sourcemod\logs\errors_20210817.log")
L 08/17/2021 - 03:40:04: [SM] Exception reported: MySQL is the only supported database engine for shavit-rankings.
L 08/17/2021 - 03:40:04: [SM] Blaming: shavit-rankings.smx
L 08/17/2021 - 03:40:04: [SM] Call stack trace:
L 08/17/2021 - 03:40:04: [SM]   [0] SetFailState
L 08/17/2021 - 03:40:04: [SM]   [1] Line 227, D:\sourcemod-1.10.0-git6510-windows\addons\sourcemod\scripting\shavit-rankings.sp::Shavit_OnDatabaseLoaded
L 08/17/2021 - 03:40:04: [SM]   [3] Call_Finish
L 08/17/2021 - 03:40:04: [SM]   [4] Line 3304, D:\sourcemod-1.10.0-git6510-windows\addons\sourcemod\scripting\shavit-core.sp::SQL_CreateUsersTable_Callback
L 08/17/2021 - 03:55:10: Error log file session closed.
L 08/17/2021 - 03:56:00: SourceMod error session started
L 08/17/2021 - 03:56:00: Info (map "trikz_daemon") (file "C:\Users\wille\Desktop\css\cssds\cstrike\addons\sourcemod\logs\errors_20210817.log")
L 08/17/2021 - 03:56:00: [SM] Exception reported: MySQL is the only supported database engine for shavit-rankings.
L 08/17/2021 - 03:56:00: [SM] Blaming: shavit-rankings.smx
L 08/17/2021 - 03:56:00: [SM] Call stack trace:
L 08/17/2021 - 03:56:00: [SM]   [0] SetFailState
L 08/17/2021 - 03:56:00: [SM]   [1] Line 227, D:\sourcemod-1.10.0-git6510-windows\addons\sourcemod\scripting\shavit-rankings.sp::Shavit_OnDatabaseLoaded
L 08/17/2021 - 03:56:00: [SM]   [3] Call_Finish
L 08/17/2021 - 03:56:00: [SM]   [4] Line 3304, D:\sourcemod-1.10.0-git6510-windows\addons\sourcemod\scripting\shavit-core.sp::SQL_CreateUsersTable_Callback
L 08/17/2021 - 04:19:26: Error log file session closed.
L 08/17/2021 - 04:19:35: SourceMod error session started
L 08/17/2021 - 04:19:35: Info (map "trikz_daemon") (file "C:\Users\wille\Desktop\css\cssds\cstrike\addons\sourcemod\logs\errors_20210817.log")
L 08/17/2021 - 04:19:35: [SM] Exception reported: MySQL is the only supported database engine for shavit-rankings.
L 08/17/2021 - 04:19:36: [SM] Blaming: shavit-rankings.smx
L 08/17/2021 - 04:19:36: [SM] Call stack trace:
L 08/17/2021 - 04:19:36: [SM]   [0] SetFailState
L 08/17/2021 - 04:19:36: [SM]   [1] Line 227, D:\sourcemod-1.10.0-git6510-windows\addons\sourcemod\scripting\shavit-rankings.sp::Shavit_OnDatabaseLoaded
L 08/17/2021 - 04:19:36: [SM]   [3] Call_Finish
L 08/17/2021 - 04:19:36: [SM]   [4] Line 3304, D:\sourcemod-1.10.0-git6510-windows\addons\sourcemod\scripting\shavit-core.sp::SQL_CreateUsersTable_Callback
L 08/17/2021 - 04:30:44: Error log file session closed.
L 08/17/2021 - 04:31:32: SourceMod error session started
L 08/17/2021 - 04:31:32: Info (map "trikz_daemon") (file "C:\Users\wille\Desktop\css\cssds\cstrike\addons\sourcemod\logs\errors_20210817.log")
L 08/17/2021 - 04:31:32: [SM] Exception reported: MySQL is the only supported database engine for shavit-rankings.
L 08/17/2021 - 04:31:32: [SM] Blaming: shavit-rankings.smx
L 08/17/2021 - 04:31:32: [SM] Call stack trace:
L 08/17/2021 - 04:31:32: [SM]   [0] SetFailState
L 08/17/2021 - 04:31:32: [SM]   [1] Line 227, D:\sourcemod-1.10.0-git6510-windows\addons\sourcemod\scripting\shavit-rankings.sp::Shavit_OnDatabaseLoaded
L 08/17/2021 - 04:31:32: [SM]   [3] Call_Finish
L 08/17/2021 - 04:31:32: [SM]   [4] Line 3304, D:\sourcemod-1.10.0-git6510-windows\addons\sourcemod\scripting\shavit-core.sp::SQL_CreateUsersTable_Callback
L 08/17/2021 - 04:37:40: Error log file session closed.
L 08/17/2021 - 04:47:03: SourceMod error session started
L 08/17/2021 - 04:47:03: Info (map "trikz_daemon") (file "C:\Users\wille\Desktop\css\cssds\cstrike\addons\sourcemod\logs\errors_20210817.log")
L 08/17/2021 - 04:47:03: [SM] Exception reported: MySQL is the only supported database engine for shavit-rankings.
L 08/17/2021 - 04:47:03: [SM] Blaming: shavit-rankings.smx
L 08/17/2021 - 04:47:03: [SM] Call stack trace:
L 08/17/2021 - 04:47:03: [SM]   [0] SetFailState
L 08/17/2021 - 04:47:03: [SM]   [1] Line 227, D:\sourcemod-1.10.0-git6510-windows\addons\sourcemod\scripting\shavit-rankings.sp::Shavit_OnDatabaseLoaded
L 08/17/2021 - 04:47:03: [SM]   [3] Call_Finish
L 08/17/2021 - 04:47:03: [SM]   [4] Line 3304, D:\sourcemod-1.10.0-git6510-windows\addons\sourcemod\scripting\shavit-core.sp::SQL_CreateUsersTable_Callback
L 08/17/2021 - 04:47:45: Error log file session closed.
L 08/17/2021 - 04:55:55: SourceMod error session started
L 08/17/2021 - 04:55:55: Info (map "trikz_daemon") (file "C:\Users\wille\Desktop\css\cssds\cstrike\addons\sourcemod\logs\errors_20210817.log")
L 08/17/2021 - 04:55:55: [SM] Exception reported: MySQL is the only supported database engine for shavit-rankings.
L 08/17/2021 - 04:55:55: [SM] Blaming: shavit-rankings.smx
L 08/17/2021 - 04:55:55: [SM] Call stack trace:
L 08/17/2021 - 04:55:55: [SM]   [0] SetFailState
L 08/17/2021 - 04:55:55: [SM]   [1] Line 227, D:\sourcemod-1.10.0-git6510-windows\addons\sourcemod\scripting\shavit-rankings.sp::Shavit_OnDatabaseLoaded
L 08/17/2021 - 04:55:55: [SM]   [3] Call_Finish
L 08/17/2021 - 04:55:55: [SM]   [4] Line 3304, D:\sourcemod-1.10.0-git6510-windows\addons\sourcemod\scripting\shavit-core.sp::SQL_CreateUsersTable_Callback
L 08/17/2021 - 04:58:04: Error log file session closed.
L 08/17/2021 - 04:58:48: SourceMod error session started
L 08/17/2021 - 04:58:48: Info (map "trikz_daemon") (file "C:\Users\wille\Desktop\css\cssds\cstrike\addons\sourcemod\logs\errors_20210817.log")
L 08/17/2021 - 04:58:48: [SM] Exception reported: MySQL is the only supported database engine for shavit-rankings.
L 08/17/2021 - 04:58:48: [SM] Blaming: shavit-rankings.smx
L 08/17/2021 - 04:58:49: [SM] Call stack trace:
L 08/17/2021 - 04:58:49: [SM]   [0] SetFailState
L 08/17/2021 - 04:58:49: [SM]   [1] Line 227, D:\sourcemod-1.10.0-git6510-windows\addons\sourcemod\scripting\shavit-rankings.sp::Shavit_OnDatabaseLoaded
L 08/17/2021 - 04:58:49: [SM]   [3] Call_Finish
L 08/17/2021 - 04:58:49: [SM]   [4] Line 3304, D:\sourcemod-1.10.0-git6510-windows\addons\sourcemod\scripting\shavit-core.sp::SQL_CreateUsersTable_Callback
L 08/17/2021 - 05:00:41: Error log file session closed.
L 08/17/2021 - 05:02:57: SourceMod error session started
L 08/17/2021 - 05:02:57: Info (map "trikz_daemon") (file "C:\Users\wille\Desktop\css\cssds\cstrike\addons\sourcemod\logs\errors_20210817.log")
L 08/17/2021 - 05:02:57: [SM] Exception reported: MySQL is the only supported database engine for shavit-rankings.
L 08/17/2021 - 05:02:57: [SM] Blaming: shavit-rankings.smx
L 08/17/2021 - 05:02:57: [SM] Call stack trace:
L 08/17/2021 - 05:02:57: [SM]   [0] SetFailState
L 08/17/2021 - 05:02:57: [SM]   [1] Line 227, D:\sourcemod-1.10.0-git6510-windows\addons\sourcemod\scripting\shavit-rankings.sp::Shavit_OnDatabaseLoaded
L 08/17/2021 - 05:02:57: [SM]   [3] Call_Finish
L 08/17/2021 - 05:02:57: [SM]   [4] Line 3304, D:\sourcemod-1.10.0-git6510-windows\addons\sourcemod\scripting\shavit-core.sp::SQL_CreateUsersTable_Callback
L 08/17/2021 - 05:04:16: Error log file session closed.
L 08/17/2021 - 05:09:47: SourceMod error session started
L 08/17/2021 - 05:09:47: Info (map "trikz_daemon") (file "C:\Users\wille\Desktop\css\cssds\cstrike\addons\sourcemod\logs\errors_20210817.log")
L 08/17/2021 - 05:09:47: [SM] Exception reported: MySQL is the only supported database engine for shavit-rankings.
L 08/17/2021 - 05:09:47: [SM] Blaming: shavit-rankings.smx
L 08/17/2021 - 05:09:47: [SM] Call stack trace:
L 08/17/2021 - 05:09:47: [SM]   [0] SetFailState
L 08/17/2021 - 05:09:47: [SM]   [1] Line 227, D:\sourcemod-1.10.0-git6510-windows\addons\sourcemod\scripting\shavit-rankings.sp::Shavit_OnDatabaseLoaded
L 08/17/2021 - 05:09:47: [SM]   [3] Call_Finish
L 08/17/2021 - 05:09:47: [SM]   [4] Line 3304, D:\sourcemod-1.10.0-git6510-windows\addons\sourcemod\scripting\shavit-core.sp::SQL_CreateUsersTable_Callback
L 08/17/2021 - 05:10:54: Error log file session closed.
L 08/17/2021 - 05:13:09: SourceMod error session started
L 08/17/2021 - 05:13:09: Info (map "trikz_daemon") (file "C:\Users\wille\Desktop\css\cssds\cstrike\addons\sourcemod\logs\errors_20210817.log")
L 08/17/2021 - 05:13:09: [SM] Exception reported: MySQL is the only supported database engine for shavit-rankings.
L 08/17/2021 - 05:13:09: [SM] Blaming: shavit-rankings.smx
L 08/17/2021 - 05:13:09: [SM] Call stack trace:
L 08/17/2021 - 05:13:09: [SM]   [0] SetFailState
L 08/17/2021 - 05:13:09: [SM]   [1] Line 227, D:\sourcemod-1.10.0-git6510-windows\addons\sourcemod\scripting\shavit-rankings.sp::Shavit_OnDatabaseLoaded
L 08/17/2021 - 05:13:09: [SM]   [3] Call_Finish
L 08/17/2021 - 05:13:09: [SM]   [4] Line 3304, D:\sourcemod-1.10.0-git6510-windows\addons\sourcemod\scripting\shavit-core.sp::SQL_CreateUsersTable_Callback
L 08/17/2021 - 05:25:21: Error log file session closed.
L 08/17/2021 - 05:25:25: SourceMod error session started
L 08/17/2021 - 05:25:25: Info (map "trikz_daemon") (file "C:\Users\wille\Desktop\css\cssds\cstrike\addons\sourcemod\logs\errors_20210817.log")
L 08/17/2021 - 05:25:25: [SM] Exception reported: MySQL is the only supported database engine for shavit-rankings.
L 08/17/2021 - 05:25:25: [SM] Blaming: shavit-rankings.smx
L 08/17/2021 - 05:25:25: [SM] Call stack trace:
L 08/17/2021 - 05:25:25: [SM]   [0] SetFailState
L 08/17/2021 - 05:25:25: [SM]   [1] Line 227, D:\sourcemod-1.10.0-git6510-windows\addons\sourcemod\scripting\shavit-rankings.sp::Shavit_OnDatabaseLoaded
L 08/17/2021 - 05:25:25: [SM]   [3] Call_Finish
L 08/17/2021 - 05:25:25: [SM]   [4] Line 3304, D:\sourcemod-1.10.0-git6510-windows\addons\sourcemod\scripting\shavit-core.sp::SQL_CreateUsersTable_Callback
L 08/17/2021 - 05:26:38: Error log file session closed.
L 08/17/2021 - 05:31:18: SourceMod error session started
L 08/17/2021 - 05:31:18: Info (map "trikz_daemon") (file "C:\Users\wille\Desktop\css\cssds\cstrike\addons\sourcemod\logs\errors_20210817.log")
L 08/17/2021 - 05:31:18: [SM] Exception reported: MySQL is the only supported database engine for shavit-rankings.
L 08/17/2021 - 05:31:18: [SM] Blaming: shavit-rankings.smx
L 08/17/2021 - 05:31:18: [SM] Call stack trace:
L 08/17/2021 - 05:31:18: [SM]   [0] SetFailState
L 08/17/2021 - 05:31:18: [SM]   [1] Line 227, D:\sourcemod-1.10.0-git6510-windows\addons\sourcemod\scripting\shavit-rankings.sp::Shavit_OnDatabaseLoaded
L 08/17/2021 - 05:31:18: [SM]   [3] Call_Finish
L 08/17/2021 - 05:31:18: [SM]   [4] Line 3304, D:\sourcemod-1.10.0-git6510-windows\addons\sourcemod\scripting\shavit-core.sp::SQL_CreateUsersTable_Callback
L 08/17/2021 - 05:36:39: Error log file session closed.
L 08/17/2021 - 05:36:43: SourceMod error session started
L 08/17/2021 - 05:36:43: Info (map "trikz_daemon") (file "C:\Users\wille\Desktop\css\cssds\cstrike\addons\sourcemod\logs\errors_20210817.log")
L 08/17/2021 - 05:36:43: [SM] Exception reported: MySQL is the only supported database engine for shavit-rankings.
L 08/17/2021 - 05:36:43: [SM] Blaming: shavit-rankings.smx
L 08/17/2021 - 05:36:43: [SM] Call stack trace:
L 08/17/2021 - 05:36:43: [SM]   [0] SetFailState
L 08/17/2021 - 05:36:43: [SM]   [1] Line 227, D:\sourcemod-1.10.0-git6510-windows\addons\sourcemod\scripting\shavit-rankings.sp::Shavit_OnDatabaseLoaded
L 08/17/2021 - 05:36:43: [SM]   [3] Call_Finish
L 08/17/2021 - 05:36:43: [SM]   [4] Line 3304, D:\sourcemod-1.10.0-git6510-windows\addons\sourcemod\scripting\shavit-core.sp::SQL_CreateUsersTable_Callback
L 08/17/2021 - 05:37:10: Error log file session closed.
L 08/17/2021 - 05:38:13: SourceMod error session started
L 08/17/2021 - 05:38:13: Info (map "trikz_daemon") (file "C:\Users\wille\Desktop\css\cssds\cstrike\addons\sourcemod\logs\errors_20210817.log")
L 08/17/2021 - 05:38:13: [SM] Exception reported: MySQL is the only supported database engine for shavit-rankings.
L 08/17/2021 - 05:38:13: [SM] Blaming: shavit-rankings.smx
L 08/17/2021 - 05:38:13: [SM] Call stack trace:
L 08/17/2021 - 05:38:13: [SM]   [0] SetFailState
L 08/17/2021 - 05:38:13: [SM]   [1] Line 227, D:\sourcemod-1.10.0-git6510-windows\addons\sourcemod\scripting\shavit-rankings.sp::Shavit_OnDatabaseLoaded
L 08/17/2021 - 05:38:13: [SM]   [3] Call_Finish
L 08/17/2021 - 05:38:13: [SM]   [4] Line 3304, D:\sourcemod-1.10.0-git6510-windows\addons\sourcemod\scripting\shavit-core.sp::SQL_CreateUsersTable_Callback
L 08/17/2021 - 05:38:44: Error log file session closed.
L 08/17/2021 - 05:42:33: SourceMod error session started
L 08/17/2021 - 05:42:33: Info (map "trikz_daemon") (file "C:\Users\wille\Desktop\css\cssds\cstrike\addons\sourcemod\logs\errors_20210817.log")
L 08/17/2021 - 05:42:33: [SM] Exception reported: MySQL is the only supported database engine for shavit-rankings.
L 08/17/2021 - 05:42:33: [SM] Blaming: shavit-rankings.smx
L 08/17/2021 - 05:42:33: [SM] Call stack trace:
L 08/17/2021 - 05:42:33: [SM]   [0] SetFailState
L 08/17/2021 - 05:42:33: [SM]   [1] Line 227, D:\sourcemod-1.10.0-git6510-windows\addons\sourcemod\scripting\shavit-rankings.sp::Shavit_OnDatabaseLoaded
L 08/17/2021 - 05:42:33: [SM]   [3] Call_Finish
L 08/17/2021 - 05:42:33: [SM]   [4] Line 3304, D:\sourcemod-1.10.0-git6510-windows\addons\sourcemod\scripting\shavit-core.sp::SQL_CreateUsersTable_Callback
L 08/17/2021 - 05:45:16: Error log file session closed.
L 08/17/2021 - 05:54:10: SourceMod error session started
L 08/17/2021 - 05:54:10: Info (map "trikz_daemon") (file "C:\Users\wille\Desktop\css\cssds\cstrike\addons\sourcemod\logs\errors_20210817.log")
L 08/17/2021 - 05:54:10: [SM] Exception reported: MySQL is the only supported database engine for shavit-rankings.
L 08/17/2021 - 05:54:10: [SM] Blaming: shavit-rankings.smx
L 08/17/2021 - 05:54:10: [SM] Call stack trace:
L 08/17/2021 - 05:54:10: [SM]   [0] SetFailState
L 08/17/2021 - 05:54:10: [SM]   [1] Line 227, D:\sourcemod-1.10.0-git6510-windows\addons\sourcemod\scripting\shavit-rankings.sp::Shavit_OnDatabaseLoaded
L 08/17/2021 - 05:54:10: [SM]   [3] Call_Finish
L 08/17/2021 - 05:54:10: [SM]   [4] Line 3304, D:\sourcemod-1.10.0-git6510-windows\addons\sourcemod\scripting\shavit-core.sp::SQL_CreateUsersTable_Callback
L 08/17/2021 - 05:56:02: Error log file session closed.
L 08/17/2021 - 05:58:45: SourceMod error session started
L 08/17/2021 - 05:58:45: Info (map "trikz_daemon") (file "C:\Users\wille\Desktop\css\cssds\cstrike\addons\sourcemod\logs\errors_20210817.log")
L 08/17/2021 - 05:58:45: [SM] Exception reported: MySQL is the only supported database engine for shavit-rankings.
L 08/17/2021 - 05:58:45: [SM] Blaming: shavit-rankings.smx
L 08/17/2021 - 05:58:45: [SM] Call stack trace:
L 08/17/2021 - 05:58:45: [SM]   [0] SetFailState
L 08/17/2021 - 05:58:45: [SM]   [1] Line 227, D:\sourcemod-1.10.0-git6510-windows\addons\sourcemod\scripting\shavit-rankings.sp::Shavit_OnDatabaseLoaded
L 08/17/2021 - 05:58:45: [SM]   [3] Call_Finish
L 08/17/2021 - 05:58:45: [SM]   [4] Line 3304, D:\sourcemod-1.10.0-git6510-windows\addons\sourcemod\scripting\shavit-core.sp::SQL_CreateUsersTable_Callback
L 08/17/2021 - 06:01:57: Error log file session closed.
L 08/17/2021 - 06:22:42: SourceMod error session started
L 08/17/2021 - 06:22:42: Info (map "trikz_daemon") (file "C:\Users\wille\Desktop\css\cssds\cstrike\addons\sourcemod\logs\errors_20210817.log")
L 08/17/2021 - 06:22:42: [SM] Exception reported: MySQL is the only supported database engine for shavit-rankings.
L 08/17/2021 - 06:22:42: [SM] Blaming: shavit-rankings.smx
L 08/17/2021 - 06:22:42: [SM] Call stack trace:
L 08/17/2021 - 06:22:42: [SM]   [0] SetFailState
L 08/17/2021 - 06:22:42: [SM]   [1] Line 227, D:\sourcemod-1.10.0-git6510-windows\addons\sourcemod\scripting\shavit-rankings.sp::Shavit_OnDatabaseLoaded
L 08/17/2021 - 06:22:42: [SM]   [3] Call_Finish
L 08/17/2021 - 06:22:42: [SM]   [4] Line 3304, D:\sourcemod-1.10.0-git6510-windows\addons\sourcemod\scripting\shavit-core.sp::SQL_CreateUsersTable_Callback
L 08/17/2021 - 06:23:47: Error log file session closed.
L 08/17/2021 - 06:25:14: SourceMod error session started
L 08/17/2021 - 06:25:14: Info (map "trikz_daemon") (file "C:\Users\wille\Desktop\css\cssds\cstrike\addons\sourcemod\logs\errors_20210817.log")
L 08/17/2021 - 06:25:14: [SM] Exception reported: MySQL is the only supported database engine for shavit-rankings.
L 08/17/2021 - 06:25:14: [SM] Blaming: shavit-rankings.smx
L 08/17/2021 - 06:25:14: [SM] Call stack trace:
L 08/17/2021 - 06:25:14: [SM]   [0] SetFailState
L 08/17/2021 - 06:25:14: [SM]   [1] Line 227, D:\sourcemod-1.10.0-git6510-windows\addons\sourcemod\scripting\shavit-rankings.sp::Shavit_OnDatabaseLoaded
L 08/17/2021 - 06:25:14: [SM]   [3] Call_Finish
L 08/17/2021 - 06:25:14: [SM]   [4] Line 3304, D:\sourcemod-1.10.0-git6510-windows\addons\sourcemod\scripting\shavit-core.sp::SQL_CreateUsersTable_Callback
L 08/17/2021 - 06:46:00: Error log file session closed.
L 08/17/2021 - 06:51:07: SourceMod error session started
L 08/17/2021 - 06:51:07: Info (map "trikz_daemon") (file "C:\Users\wille\Desktop\css\cssds\cstrike\addons\sourcemod\logs\errors_20210817.log")
L 08/17/2021 - 06:51:07: [SM] Exception reported: MySQL is the only supported database engine for shavit-rankings.
L 08/17/2021 - 06:51:07: [SM] Blaming: shavit-rankings.smx
L 08/17/2021 - 06:51:07: [SM] Call stack trace:
L 08/17/2021 - 06:51:07: [SM]   [0] SetFailState
L 08/17/2021 - 06:51:07: [SM]   [1] Line 227, D:\sourcemod-1.10.0-git6510-windows\addons\sourcemod\scripting\shavit-rankings.sp::Shavit_OnDatabaseLoaded
L 08/17/2021 - 06:51:07: [SM]   [3] Call_Finish
L 08/17/2021 - 06:51:07: [SM]   [4] Line 3304, D:\sourcemod-1.10.0-git6510-windows\addons\sourcemod\scripting\shavit-core.sp::SQL_CreateUsersTable_Callback
L 08/17/2021 - 06:58:02: Error log file session closed.
L 08/17/2021 - 07:18:15: SourceMod error session started
L 08/17/2021 - 07:18:15: Info (map "trikz_daemon") (file "C:\Users\wille\Desktop\css\cssds\cstrike\addons\sourcemod\logs\errors_20210817.log")
L 08/17/2021 - 07:18:15: [nextmap.smx] FATAL: Cannot load map cycle. Nextmap not loaded.
L 08/17/2021 - 07:18:16: [SM] Exception reported: Mapcycle Not Found
L 08/17/2021 - 07:18:16: [SM] Blaming: nextmap.smx
L 08/17/2021 - 07:18:16: [SM] Call stack trace:
L 08/17/2021 - 07:18:16: [SM]   [0] SetFailState
L 08/17/2021 - 07:18:16: [SM]   [1] Line 143, D:\builds\build-sourcemod-msvc12\windows-1.10\build\plugins\nextmap.sp::FindAndSetNextMap
L 08/17/2021 - 07:18:16: [SM]   [2] Line 113, D:\builds\build-sourcemod-msvc12\windows-1.10\build\plugins\nextmap.sp::OnConfigsExecuted
L 08/17/2021 - 07:18:16: [SM] Exception reported: MySQL is the only supported database engine for shavit-rankings.
L 08/17/2021 - 07:18:16: [SM] Blaming: shavit-rankings.smx
L 08/17/2021 - 07:18:16: [SM] Call stack trace:
L 08/17/2021 - 07:18:16: [SM]   [0] SetFailState
L 08/17/2021 - 07:18:16: [SM]   [1] Line 227, D:\sourcemod-1.10.0-git6510-windows\addons\sourcemod\scripting\shavit-rankings.sp::Shavit_OnDatabaseLoaded
L 08/17/2021 - 07:18:16: [SM]   [3] Call_Finish
L 08/17/2021 - 07:18:16: [SM]   [4] Line 3304, D:\sourcemod-1.10.0-git6510-windows\addons\sourcemod\scripting\shavit-core.sp::SQL_CreateUsersTable_Callback
L 08/17/2021 - 07:22:01: Error log file session closed.
L 08/17/2021 - 07:22:01: SourceMod error session started
L 08/17/2021 - 07:22:01: Info (map "trikz_TinTin") (file "C:\Users\wille\Desktop\css\cssds\cstrike\addons\sourcemod\logs\errors_20210817.log")
L 08/17/2021 - 07:22:01: [nextmap.smx] FATAL: Cannot load map cycle. Nextmap not loaded.
L 08/17/2021 - 07:22:01: [SM] Exception reported: Mapcycle Not Found
L 08/17/2021 - 07:22:01: [SM] Blaming: nextmap.smx
L 08/17/2021 - 07:22:01: [SM] Call stack trace:
L 08/17/2021 - 07:22:01: [SM]   [0] SetFailState
L 08/17/2021 - 07:22:01: [SM]   [1] Line 143, D:\builds\build-sourcemod-msvc12\windows-1.10\build\plugins\nextmap.sp::FindAndSetNextMap
L 08/17/2021 - 07:22:01: [SM]   [2] Line 113, D:\builds\build-sourcemod-msvc12\windows-1.10\build\plugins\nextmap.sp::OnConfigsExecuted
L 08/17/2021 - 07:22:01: [SM] Exception reported: Invalid database Handle 0 (error: 4)
L 08/17/2021 - 07:22:01: [SM] Blaming: shavit-rankings.smx
L 08/17/2021 - 07:22:01: [SM] Call stack trace:
L 08/17/2021 - 07:22:01: [SM]   [0] Database.Query
L 08/17/2021 - 07:22:01: [SM]   [1] Line 911, D:\sourcemod-1.10.0-git6510-windows\addons\sourcemod\scripting\shavit-rankings.sp::UpdatePlayerRank
L 08/17/2021 - 07:22:01: [SM]   [2] Line 354, D:\sourcemod-1.10.0-git6510-windows\addons\sourcemod\scripting\shavit-rankings.sp::OnClientAuthorized
L 08/17/2021 - 07:26:57: Error log file session closed.
L 08/17/2021 - 15:12:58: SourceMod error session started
L 08/17/2021 - 15:12:58: Info (map "trikz_daemon") (file "C:\Users\wille\Desktop\css\cssds\cstrike\addons\sourcemod\logs\errors_20210817.log")
L 08/17/2021 - 15:12:58: [nextmap.smx] FATAL: Cannot load map cycle. Nextmap not loaded.
L 08/17/2021 - 15:12:58: [SM] Exception reported: Mapcycle Not Found
L 08/17/2021 - 15:12:58: [SM] Blaming: nextmap.smx
L 08/17/2021 - 15:12:58: [SM] Call stack trace:
L 08/17/2021 - 15:12:58: [SM]   [0] SetFailState
L 08/17/2021 - 15:12:58: [SM]   [1] Line 143, D:\builds\build-sourcemod-msvc12\windows-1.10\build\plugins\nextmap.sp::FindAndSetNextMap
L 08/17/2021 - 15:12:58: [SM]   [2] Line 113, D:\builds\build-sourcemod-msvc12\windows-1.10\build\plugins\nextmap.sp::OnConfigsExecuted
L 08/17/2021 - 15:12:58: [SM] Exception reported: MySQL is the only supported database engine for shavit-rankings.
L 08/17/2021 - 15:12:58: [SM] Blaming: shavit-rankings.smx
L 08/17/2021 - 15:12:58: [SM] Call stack trace:
L 08/17/2021 - 15:12:58: [SM]   [0] SetFailState
L 08/17/2021 - 15:12:58: [SM]   [1] Line 227, D:\sourcemod-1.10.0-git6510-windows\addons\sourcemod\scripting\shavit-rankings.sp::Shavit_OnDatabaseLoaded
L 08/17/2021 - 15:12:58: [SM]   [3] Call_Finish
L 08/17/2021 - 15:12:58: [SM]   [4] Line 3304, D:\sourcemod-1.10.0-git6510-windows\addons\sourcemod\scripting\shavit-core.sp::SQL_CreateUsersTable_Callback
L 08/17/2021 - 15:20:15: SourceMod error session started
L 08/17/2021 - 15:20:15: Info (map "trikz_daemon") (file "C:\Users\wille\Desktop\css\cssds\cstrike\addons\sourcemod\logs\errors_20210817.log")
L 08/17/2021 - 15:20:15: [nextmap.smx] FATAL: Cannot load map cycle. Nextmap not loaded.
L 08/17/2021 - 15:20:15: [SM] Exception reported: Mapcycle Not Found
L 08/17/2021 - 15:20:15: [SM] Blaming: nextmap.smx
L 08/17/2021 - 15:20:15: [SM] Call stack trace:
L 08/17/2021 - 15:20:15: [SM]   [0] SetFailState
L 08/17/2021 - 15:20:15: [SM]   [1] Line 143, D:\builds\build-sourcemod-msvc12\windows-1.10\build\plugins\nextmap.sp::FindAndSetNextMap
L 08/17/2021 - 15:20:15: [SM]   [2] Line 113, D:\builds\build-sourcemod-msvc12\windows-1.10\build\plugins\nextmap.sp::OnConfigsExecuted
L 08/17/2021 - 15:20:15: [SM] Exception reported: MySQL is the only supported database engine for shavit-rankings.
L 08/17/2021 - 15:20:15: [SM] Blaming: shavit-rankings.smx
L 08/17/2021 - 15:20:15: [SM] Call stack trace:
L 08/17/2021 - 15:20:15: [SM]   [0] SetFailState
L 08/17/2021 - 15:20:15: [SM]   [1] Line 227, D:\sourcemod-1.10.0-git6510-windows\addons\sourcemod\scripting\shavit-rankings.sp::Shavit_OnDatabaseLoaded
L 08/17/2021 - 15:20:15: [SM]   [3] Call_Finish
L 08/17/2021 - 15:20:16: [SM]   [4] Line 3304, D:\sourcemod-1.10.0-git6510-windows\addons\sourcemod\scripting\shavit-core.sp::SQL_CreateUsersTable_Callback
L 08/17/2021 - 15:22:41: SourceMod error session started
L 08/17/2021 - 15:22:41: Info (map "trikz_daemon") (file "C:\Users\wille\Desktop\css\cssds\cstrike\addons\sourcemod\logs\errors_20210817.log")
L 08/17/2021 - 15:22:41: [nextmap.smx] FATAL: Cannot load map cycle. Nextmap not loaded.
L 08/17/2021 - 15:22:41: [SM] Exception reported: Mapcycle Not Found
L 08/17/2021 - 15:22:41: [SM] Blaming: nextmap.smx
L 08/17/2021 - 15:22:41: [SM] Call stack trace:
L 08/17/2021 - 15:22:41: [SM]   [0] SetFailState
L 08/17/2021 - 15:22:41: [SM]   [1] Line 143, D:\builds\build-sourcemod-msvc12\windows-1.10\build\plugins\nextmap.sp::FindAndSetNextMap
L 08/17/2021 - 15:22:41: [SM]   [2] Line 113, D:\builds\build-sourcemod-msvc12\windows-1.10\build\plugins\nextmap.sp::OnConfigsExecuted
L 08/17/2021 - 15:22:41: [SM] Exception reported: MySQL is the only supported database engine for shavit-rankings.
L 08/17/2021 - 15:22:41: [SM] Blaming: shavit-rankings.smx
L 08/17/2021 - 15:22:41: [SM] Call stack trace:
L 08/17/2021 - 15:22:41: [SM]   [0] SetFailState
L 08/17/2021 - 15:22:41: [SM]   [1] Line 227, D:\sourcemod-1.10.0-git6510-windows\addons\sourcemod\scripting\shavit-rankings.sp::Shavit_OnDatabaseLoaded
L 08/17/2021 - 15:22:41: [SM]   [3] Call_Finish
L 08/17/2021 - 15:22:41: [SM]   [4] Line 3304, D:\sourcemod-1.10.0-git6510-windows\addons\sourcemod\scripting\shavit-core.sp::SQL_CreateUsersTable_Callback
L 08/17/2021 - 15:25:25: SourceMod error session started
L 08/17/2021 - 15:25:25: Info (map "trikz_cyrus") (file "C:\Users\wille\Desktop\css\cssds\cstrike\addons\sourcemod\logs\errors_20210817.log")
L 08/17/2021 - 15:25:25: [nextmap.smx] FATAL: Cannot load map cycle. Nextmap not loaded.
L 08/17/2021 - 15:25:25: [SM] Exception reported: Mapcycle Not Found
L 08/17/2021 - 15:25:25: [SM] Blaming: nextmap.smx
L 08/17/2021 - 15:25:25: [SM] Call stack trace:
L 08/17/2021 - 15:25:25: [SM]   [0] SetFailState
L 08/17/2021 - 15:25:25: [SM]   [1] Line 143, D:\builds\build-sourcemod-msvc12\windows-1.10\build\plugins\nextmap.sp::FindAndSetNextMap
L 08/17/2021 - 15:25:25: [SM]   [2] Line 113, D:\builds\build-sourcemod-msvc12\windows-1.10\build\plugins\nextmap.sp::OnConfigsExecuted
L 08/17/2021 - 15:25:25: [SM] Exception reported: MySQL is the only supported database engine for shavit-rankings.
L 08/17/2021 - 15:25:25: [SM] Blaming: shavit-rankings.smx
L 08/17/2021 - 15:25:25: [SM] Call stack trace:
L 08/17/2021 - 15:25:25: [SM]   [0] SetFailState
L 08/17/2021 - 15:25:25: [SM]   [1] Line 227, D:\sourcemod-1.10.0-git6510-windows\addons\sourcemod\scripting\shavit-rankings.sp::Shavit_OnDatabaseLoaded
L 08/17/2021 - 15:25:25: [SM]   [3] Call_Finish
L 08/17/2021 - 15:25:25: [SM]   [4] Line 3304, D:\sourcemod-1.10.0-git6510-windows\addons\sourcemod\scripting\shavit-core.sp::SQL_CreateUsersTable_Callback
L 08/17/2021 - 15:27:42: SourceMod error session started
L 08/17/2021 - 15:27:42: Info (map "trikz_cyrus") (file "C:\Users\wille\Desktop\css\cssds\cstrike\addons\sourcemod\logs\errors_20210817.log")
L 08/17/2021 - 15:27:42: [nextmap.smx] FATAL: Cannot load map cycle. Nextmap not loaded.
L 08/17/2021 - 15:27:42: [SM] Exception reported: Mapcycle Not Found
L 08/17/2021 - 15:27:42: [SM] Blaming: nextmap.smx
L 08/17/2021 - 15:27:42: [SM] Call stack trace:
L 08/17/2021 - 15:27:42: [SM]   [0] SetFailState
L 08/17/2021 - 15:27:42: [SM]   [1] Line 143, D:\builds\build-sourcemod-msvc12\windows-1.10\build\plugins\nextmap.sp::FindAndSetNextMap
L 08/17/2021 - 15:27:42: [SM]   [2] Line 113, D:\builds\build-sourcemod-msvc12\windows-1.10\build\plugins\nextmap.sp::OnConfigsExecuted
L 08/17/2021 - 15:27:42: [SM] Exception reported: MySQL is the only supported database engine for shavit-rankings.
L 08/17/2021 - 15:27:42: [SM] Blaming: shavit-rankings.smx
L 08/17/2021 - 15:27:42: [SM] Call stack trace:
L 08/17/2021 - 15:27:42: [SM]   [0] SetFailState
L 08/17/2021 - 15:27:42: [SM]   [1] Line 227, D:\sourcemod-1.10.0-git6510-windows\addons\sourcemod\scripting\shavit-rankings.sp::Shavit_OnDatabaseLoaded
L 08/17/2021 - 15:27:42: [SM]   [3] Call_Finish
L 08/17/2021 - 15:27:42: [SM]   [4] Line 3304, D:\sourcemod-1.10.0-git6510-windows\addons\sourcemod\scripting\shavit-core.sp::SQL_CreateUsersTable_Callback
L 08/17/2021 - 15:29:48: Error log file session closed.
L 08/17/2021 - 15:30:19: SourceMod error session started
L 08/17/2021 - 15:30:19: Info (map "trikz_cyrus") (file "C:\Users\wille\Desktop\css\cssds\cstrike\addons\sourcemod\logs\errors_20210817.log")
L 08/17/2021 - 15:30:19: [nextmap.smx] FATAL: Cannot load map cycle. Nextmap not loaded.
L 08/17/2021 - 15:30:19: [SM] Exception reported: Mapcycle Not Found
L 08/17/2021 - 15:30:19: [SM] Blaming: nextmap.smx
L 08/17/2021 - 15:30:19: [SM] Call stack trace:
L 08/17/2021 - 15:30:19: [SM]   [0] SetFailState
L 08/17/2021 - 15:30:19: [SM]   [1] Line 143, D:\builds\build-sourcemod-msvc12\windows-1.10\build\plugins\nextmap.sp::FindAndSetNextMap
L 08/17/2021 - 15:30:19: [SM]   [2] Line 113, D:\builds\build-sourcemod-msvc12\windows-1.10\build\plugins\nextmap.sp::OnConfigsExecuted
L 08/17/2021 - 15:30:19: [SM] Exception reported: MySQL is the only supported database engine for shavit-rankings.
L 08/17/2021 - 15:30:19: [SM] Blaming: shavit-rankings.smx
L 08/17/2021 - 15:30:19: [SM] Call stack trace:
L 08/17/2021 - 15:30:19: [SM]   [0] SetFailState
L 08/17/2021 - 15:30:19: [SM]   [1] Line 227, D:\sourcemod-1.10.0-git6510-windows\addons\sourcemod\scripting\shavit-rankings.sp::Shavit_OnDatabaseLoaded
L 08/17/2021 - 15:30:19: [SM]   [3] Call_Finish
L 08/17/2021 - 15:30:19: [SM]   [4] Line 3304, D:\sourcemod-1.10.0-git6510-windows\addons\sourcemod\scripting\shavit-core.sp::SQL_CreateUsersTable_Callback
L 08/17/2021 - 15:33:29: Error log file session closed.
L 08/17/2021 - 19:49:36: SourceMod error session started
L 08/17/2021 - 19:49:36: Info (map "trikz_cyrus") (file "C:\Users\wille\Desktop\css\cssds\cstrike\addons\sourcemod\logs\errors_20210817.log")
L 08/17/2021 - 19:49:36: [nextmap.smx] FATAL: Cannot load map cycle. Nextmap not loaded.
L 08/17/2021 - 19:49:36: [SM] Exception reported: Mapcycle Not Found
L 08/17/2021 - 19:49:36: [SM] Blaming: nextmap.smx
L 08/17/2021 - 19:49:36: [SM] Call stack trace:
L 08/17/2021 - 19:49:36: [SM]   [0] SetFailState
L 08/17/2021 - 19:49:36: [SM]   [1] Line 143, D:\builds\build-sourcemod-msvc12\windows-1.10\build\plugins\nextmap.sp::FindAndSetNextMap
L 08/17/2021 - 19:49:36: [SM]   [2] Line 113, D:\builds\build-sourcemod-msvc12\windows-1.10\build\plugins\nextmap.sp::OnConfigsExecuted
L 08/17/2021 - 19:49:36: [SM] Exception reported: MySQL is the only supported database engine for shavit-rankings.
L 08/17/2021 - 19:49:36: [SM] Blaming: shavit-rankings.smx
L 08/17/2021 - 19:49:36: [SM] Call stack trace:
L 08/17/2021 - 19:49:36: [SM]   [0] SetFailState
L 08/17/2021 - 19:49:36: [SM]   [1] Line 227, D:\sourcemod-1.10.0-git6510-windows\addons\sourcemod\scripting\shavit-rankings.sp::Shavit_OnDatabaseLoaded
L 08/17/2021 - 19:49:36: [SM]   [3] Call_Finish
L 08/17/2021 - 19:49:36: [SM]   [4] Line 3304, D:\sourcemod-1.10.0-git6510-windows\addons\sourcemod\scripting\shavit-core.sp::SQL_CreateUsersTable_Callback
L 08/17/2021 - 19:58:21: Error log file session closed.
L 08/17/2021 - 19:59:05: SourceMod error session started
L 08/17/2021 - 19:59:05: Info (map "trikz_cyrus") (file "C:\Users\wille\Desktop\css\cssds\cstrike\addons\sourcemod\logs\errors_20210817.log")
L 08/17/2021 - 19:59:05: [nextmap.smx] FATAL: Cannot load map cycle. Nextmap not loaded.
L 08/17/2021 - 19:59:05: [SM] Exception reported: Mapcycle Not Found
L 08/17/2021 - 19:59:05: [SM] Blaming: nextmap.smx
L 08/17/2021 - 19:59:05: [SM] Call stack trace:
L 08/17/2021 - 19:59:05: [SM]   [0] SetFailState
L 08/17/2021 - 19:59:05: [SM]   [1] Line 143, D:\builds\build-sourcemod-msvc12\windows-1.10\build\plugins\nextmap.sp::FindAndSetNextMap
L 08/17/2021 - 19:59:05: [SM]   [2] Line 113, D:\builds\build-sourcemod-msvc12\windows-1.10\build\plugins\nextmap.sp::OnConfigsExecuted
L 08/17/2021 - 19:59:05: [SM] Exception reported: MySQL is the only supported database engine for shavit-rankings.
L 08/17/2021 - 19:59:05: [SM] Blaming: shavit-rankings.smx
L 08/17/2021 - 19:59:05: [SM] Call stack trace:
L 08/17/2021 - 19:59:05: [SM]   [0] SetFailState
L 08/17/2021 - 19:59:05: [SM]   [1] Line 227, D:\sourcemod-1.10.0-git6510-windows\addons\sourcemod\scripting\shavit-rankings.sp::Shavit_OnDatabaseLoaded
L 08/17/2021 - 19:59:05: [SM]   [3] Call_Finish
L 08/17/2021 - 19:59:05: [SM]   [4] Line 3304, D:\sourcemod-1.10.0-git6510-windows\addons\sourcemod\scripting\shavit-core.sp::SQL_CreateUsersTable_Callback
L 08/17/2021 - 20:04:19: Error log file session closed.
L 08/17/2021 - 20:04:23: SourceMod error session started
L 08/17/2021 - 20:04:23: Info (map "trikz_cyrus") (file "C:\Users\wille\Desktop\css\cssds\cstrike\addons\sourcemod\logs\errors_20210817.log")
L 08/17/2021 - 20:04:23: [nextmap.smx] FATAL: Cannot load map cycle. Nextmap not loaded.
L 08/17/2021 - 20:04:23: [SM] Exception reported: Mapcycle Not Found
L 08/17/2021 - 20:04:23: [SM] Blaming: nextmap.smx
L 08/17/2021 - 20:04:23: [SM] Call stack trace:
L 08/17/2021 - 20:04:23: [SM]   [0] SetFailState
L 08/17/2021 - 20:04:23: [SM]   [1] Line 143, D:\builds\build-sourcemod-msvc12\windows-1.10\build\plugins\nextmap.sp::FindAndSetNextMap
L 08/17/2021 - 20:04:23: [SM]   [2] Line 113, D:\builds\build-sourcemod-msvc12\windows-1.10\build\plugins\nextmap.sp::OnConfigsExecuted
L 08/17/2021 - 20:04:23: [SM] Exception reported: MySQL is the only supported database engine for shavit-rankings.
L 08/17/2021 - 20:04:23: [SM] Blaming: shavit-rankings.smx
L 08/17/2021 - 20:04:23: [SM] Call stack trace:
L 08/17/2021 - 20:04:23: [SM]   [0] SetFailState
L 08/17/2021 - 20:04:23: [SM]   [1] Line 227, D:\sourcemod-1.10.0-git6510-windows\addons\sourcemod\scripting\shavit-rankings.sp::Shavit_OnDatabaseLoaded
L 08/17/2021 - 20:04:23: [SM]   [3] Call_Finish
L 08/17/2021 - 20:04:23: [SM]   [4] Line 3304, D:\sourcemod-1.10.0-git6510-windows\addons\sourcemod\scripting\shavit-core.sp::SQL_CreateUsersTable_Callback
L 08/17/2021 - 21:04:43: Error log file session closed.
L 08/17/2021 - 21:04:43: SourceMod error session started
L 08/17/2021 - 21:04:43: Info (map "trikz_cyrus") (file "C:\Users\wille\Desktop\css\cssds\cstrike\addons\sourcemod\logs\errors_20210817.log")
L 08/17/2021 - 21:04:43: [nextmap.smx] FATAL: Cannot load map cycle. Nextmap not loaded.
L 08/17/2021 - 21:04:43: [SM] Exception reported: Mapcycle Not Found
L 08/17/2021 - 21:04:43: [SM] Blaming: nextmap.smx
L 08/17/2021 - 21:04:43: [SM] Call stack trace:
L 08/17/2021 - 21:04:43: [SM]   [0] SetFailState
L 08/17/2021 - 21:04:43: [SM]   [1] Line 143, D:\builds\build-sourcemod-msvc12\windows-1.10\build\plugins\nextmap.sp::FindAndSetNextMap
L 08/17/2021 - 21:04:43: [SM]   [2] Line 113, D:\builds\build-sourcemod-msvc12\windows-1.10\build\plugins\nextmap.sp::OnConfigsExecuted
L 08/17/2021 - 21:51:23: Error log file session closed.
L 08/17/2021 - 22:06:15: SourceMod error session started
L 08/17/2021 - 22:06:15: Info (map "trikz_cyrus") (file "C:\Users\wille\Desktop\css\cssds\cstrike\addons\sourcemod\logs\errors_20210817.log")
L 08/17/2021 - 22:06:15: [nextmap.smx] FATAL: Cannot load map cycle. Nextmap not loaded.
L 08/17/2021 - 22:06:15: [SM] Exception reported: Mapcycle Not Found
L 08/17/2021 - 22:06:15: [SM] Blaming: nextmap.smx
L 08/17/2021 - 22:06:15: [SM] Call stack trace:
L 08/17/2021 - 22:06:15: [SM]   [0] SetFailState
L 08/17/2021 - 22:06:15: [SM]   [1] Line 143, D:\builds\build-sourcemod-msvc12\windows-1.10\build\plugins\nextmap.sp::FindAndSetNextMap
L 08/17/2021 - 22:06:15: [SM]   [2] Line 113, D:\builds\build-sourcemod-msvc12\windows-1.10\build\plugins\nextmap.sp::OnConfigsExecuted
L 08/17/2021 - 22:06:15: [SM] Exception reported: MySQL is the only supported database engine for shavit-rankings.
L 08/17/2021 - 22:06:15: [SM] Blaming: shavit-rankings.smx
L 08/17/2021 - 22:06:15: [SM] Call stack trace:
L 08/17/2021 - 22:06:15: [SM]   [0] SetFailState
L 08/17/2021 - 22:06:15: [SM]   [1] Line 227, D:\sourcemod-1.10.0-git6510-windows\addons\sourcemod\scripting\shavit-rankings.sp::Shavit_OnDatabaseLoaded
L 08/17/2021 - 22:06:15: [SM]   [3] Call_Finish
L 08/17/2021 - 22:06:15: [SM]   [4] Line 3304, D:\sourcemod-1.10.0-git6510-windows\addons\sourcemod\scripting\shavit-core.sp::SQL_CreateUsersTable_Callback
L 08/17/2021 - 22:08:05: Error log file session closed.
L 08/17/2021 - 22:16:50: SourceMod error session started
L 08/17/2021 - 22:16:50: Info (map "trikz_cyrus") (file "C:\Users\wille\Desktop\css\cssds\cstrike\addons\sourcemod\logs\errors_20210817.log")
L 08/17/2021 - 22:16:50: [nextmap.smx] FATAL: Cannot load map cycle. Nextmap not loaded.
L 08/17/2021 - 22:16:50: [SM] Exception reported: Mapcycle Not Found
L 08/17/2021 - 22:16:50: [SM] Blaming: nextmap.smx
L 08/17/2021 - 22:16:50: [SM] Call stack trace:
L 08/17/2021 - 22:16:50: [SM]   [0] SetFailState
L 08/17/2021 - 22:16:50: [SM]   [1] Line 143, D:\builds\build-sourcemod-msvc12\windows-1.10\build\plugins\nextmap.sp::FindAndSetNextMap
L 08/17/2021 - 22:16:50: [SM]   [2] Line 113, D:\builds\build-sourcemod-msvc12\windows-1.10\build\plugins\nextmap.sp::OnConfigsExecuted
L 08/17/2021 - 22:16:50: [SM] Exception reported: MySQL is the only supported database engine for shavit-rankings.
L 08/17/2021 - 22:16:50: [SM] Blaming: shavit-rankings.smx
L 08/17/2021 - 22:16:50: [SM] Call stack trace:
L 08/17/2021 - 22:16:50: [SM]   [0] SetFailState
L 08/17/2021 - 22:16:50: [SM]   [1] Line 227, D:\sourcemod-1.10.0-git6510-windows\addons\sourcemod\scripting\shavit-rankings.sp::Shavit_OnDatabaseLoaded
L 08/17/2021 - 22:16:50: [SM]   [3] Call_Finish
L 08/17/2021 - 22:16:50: [SM]   [4] Line 3304, D:\sourcemod-1.10.0-git6510-windows\addons\sourcemod\scripting\shavit-core.sp::SQL_CreateUsersTable_Callback
L 08/17/2021 - 22:28:06: SourceMod error session started
L 08/17/2021 - 22:28:06: Info (map "trikz_cyrus") (file "C:\Users\wille\Desktop\css\cssds\cstrike\addons\sourcemod\logs\errors_20210817.log")
L 08/17/2021 - 22:28:06: [nextmap.smx] FATAL: Cannot load map cycle. Nextmap not loaded.
L 08/17/2021 - 22:28:06: [SM] Exception reported: Mapcycle Not Found
L 08/17/2021 - 22:28:06: [SM] Blaming: nextmap.smx
L 08/17/2021 - 22:28:06: [SM] Call stack trace:
L 08/17/2021 - 22:28:06: [SM]   [0] SetFailState
L 08/17/2021 - 22:28:06: [SM]   [1] Line 143, D:\builds\build-sourcemod-msvc12\windows-1.10\build\plugins\nextmap.sp::FindAndSetNextMap
L 08/17/2021 - 22:28:06: [SM]   [2] Line 113, D:\builds\build-sourcemod-msvc12\windows-1.10\build\plugins\nextmap.sp::OnConfigsExecuted
L 08/17/2021 - 22:28:06: [SM] Exception reported: MySQL is the only supported database engine for shavit-rankings.
L 08/17/2021 - 22:28:06: [SM] Blaming: shavit-rankings.smx
L 08/17/2021 - 22:28:06: [SM] Call stack trace:
L 08/17/2021 - 22:28:06: [SM]   [0] SetFailState
L 08/17/2021 - 22:28:06: [SM]   [1] Line 227, D:\sourcemod-1.10.0-git6510-windows\addons\sourcemod\scripting\shavit-rankings.sp::Shavit_OnDatabaseLoaded
L 08/17/2021 - 22:28:06: [SM]   [3] Call_Finish
L 08/17/2021 - 22:28:06: [SM]   [4] Line 3304, D:\sourcemod-1.10.0-git6510-windows\addons\sourcemod\scripting\shavit-core.sp::SQL_CreateUsersTable_Callback
L 08/17/2021 - 22:37:18: Error log file session closed.
L 08/17/2021 - 22:37:31: SourceMod error session started
L 08/17/2021 - 22:37:31: Info (map "trikz_cyrus") (file "C:\Users\wille\Desktop\css\cssds\cstrike\addons\sourcemod\logs\errors_20210817.log")
L 08/17/2021 - 22:37:31: [nextmap.smx] FATAL: Cannot load map cycle. Nextmap not loaded.
L 08/17/2021 - 22:37:31: [SM] Exception reported: Mapcycle Not Found
L 08/17/2021 - 22:37:31: [SM] Blaming: nextmap.smx
L 08/17/2021 - 22:37:31: [SM] Call stack trace:
L 08/17/2021 - 22:37:31: [SM]   [0] SetFailState
L 08/17/2021 - 22:37:31: [SM]   [1] Line 143, D:\builds\build-sourcemod-msvc12\windows-1.10\build\plugins\nextmap.sp::FindAndSetNextMap
L 08/17/2021 - 22:37:31: [SM]   [2] Line 113, D:\builds\build-sourcemod-msvc12\windows-1.10\build\plugins\nextmap.sp::OnConfigsExecuted
L 08/17/2021 - 22:37:31: [SM] Exception reported: MySQL is the only supported database engine for shavit-rankings.
L 08/17/2021 - 22:37:31: [SM] Blaming: shavit-rankings.smx
L 08/17/2021 - 22:37:31: [SM] Call stack trace:
L 08/17/2021 - 22:37:31: [SM]   [0] SetFailState
L 08/17/2021 - 22:37:31: [SM]   [1] Line 227, D:\sourcemod-1.10.0-git6510-windows\addons\sourcemod\scripting\shavit-rankings.sp::Shavit_OnDatabaseLoaded
L 08/17/2021 - 22:37:31: [SM]   [3] Call_Finish
L 08/17/2021 - 22:37:31: [SM]   [4] Line 3304, D:\sourcemod-1.10.0-git6510-windows\addons\sourcemod\scripting\shavit-core.sp::SQL_CreateUsersTable_Callback
L 08/17/2021 - 22:39:52: Error log file session closed.
L 08/17/2021 - 22:40:07: SourceMod error session started
L 08/17/2021 - 22:40:07: Info (map "trikz_cyrus") (file "C:\Users\wille\Desktop\css\cssds\cstrike\addons\sourcemod\logs\errors_20210817.log")
L 08/17/2021 - 22:40:07: [nextmap.smx] FATAL: Cannot load map cycle. Nextmap not loaded.
L 08/17/2021 - 22:40:07: [SM] Exception reported: Mapcycle Not Found
L 08/17/2021 - 22:40:07: [SM] Blaming: nextmap.smx
L 08/17/2021 - 22:40:07: [SM] Call stack trace:
L 08/17/2021 - 22:40:07: [SM]   [0] SetFailState
L 08/17/2021 - 22:40:07: [SM]   [1] Line 143, D:\builds\build-sourcemod-msvc12\windows-1.10\build\plugins\nextmap.sp::FindAndSetNextMap
L 08/17/2021 - 22:40:07: [SM]   [2] Line 113, D:\builds\build-sourcemod-msvc12\windows-1.10\build\plugins\nextmap.sp::OnConfigsExecuted
L 08/17/2021 - 22:40:07: [UPDATER] --- BEGIN ERRORS FROM AUTOMATIC UPDATER ---
L 08/17/2021 - 22:40:07: [UPDATER] Could not download "http://update.sourcemod.net/update/"
L 08/17/2021 - 22:40:07: [UPDATER] Error: The requested URL returned error: 520
L 08/17/2021 - 22:40:07: [UPDATER] --- END ERRORS FROM AUTOMATIC UPDATER ---
L 08/17/2021 - 22:40:07: [SM] Exception reported: MySQL is the only supported database engine for shavit-rankings.
L 08/17/2021 - 22:40:07: [SM] Blaming: shavit-rankings.smx
L 08/17/2021 - 22:40:07: [SM] Call stack trace:
L 08/17/2021 - 22:40:07: [SM]   [0] SetFailState
L 08/17/2021 - 22:40:07: [SM]   [1] Line 227, D:\sourcemod-1.10.0-git6510-windows\addons\sourcemod\scripting\shavit-rankings.sp::Shavit_OnDatabaseLoaded
L 08/17/2021 - 22:40:07: [SM]   [3] Call_Finish
L 08/17/2021 - 22:40:07: [SM]   [4] Line 3304, D:\sourcemod-1.10.0-git6510-windows\addons\sourcemod\scripting\shavit-core.sp::SQL_CreateUsersTable_Callback
L 08/17/2021 - 22:48:05: Error log file session closed.
