L 08/16/2021 - 00:25:34: SourceMod log file session started (file "C:\Users\wille\Desktop\css\cssds\cstrike\addons\sourcemod\logs\L20210816.log") (Version "1.10.0.6510")
L 08/16/2021 - 00:25:34: [playercommands.smx] "Dr. WilzzubB0b<2><[U:1:187499203]><>" slayed "Dr. WilzzubB0b<2><[U:1:187499203]><>"
L 08/16/2021 - 00:25:48: Log file closed.
L 08/16/2021 - 03:11:30: SourceMod log file session started (file "C:\Users\wille\Desktop\css\cssds\cstrike\addons\sourcemod\logs\L20210816.log") (Version "1.10.0.6510")
L 08/16/2021 - 03:11:30: [GEOIP] GeoIP database info: GEO-106FREE 20180327 Build 1 Copyright (c) 2018 MaxMind Inc All Rights Reserved
L 08/16/2021 - 03:15:43: Log file closed.
L 08/16/2021 - 03:15:47: SourceMod log file session started (file "C:\Users\wille\Desktop\css\cssds\cstrike\addons\sourcemod\logs\L20210816.log") (Version "1.10.0.6510")
L 08/16/2021 - 03:15:47: [GEOIP] GeoIP database info: GEO-106FREE 20180327 Build 1 Copyright (c) 2018 MaxMind Inc All Rights Reserved
L 08/16/2021 - 03:27:49: [basecommands.smx] "Dr. WilzzubB0b<2><[U:1:187499203]><>" refreshed the admin cache.
L 08/16/2021 - 03:35:04: Log file closed.
L 08/16/2021 - 03:35:12: SourceMod log file session started (file "C:\Users\wille\Desktop\css\cssds\cstrike\addons\sourcemod\logs\L20210816.log") (Version "1.10.0.6510")
L 08/16/2021 - 03:35:12: [GEOIP] GeoIP database info: GEO-106FREE 20180327 Build 1 Copyright (c) 2018 MaxMind Inc All Rights Reserved
L 08/16/2021 - 03:45:08: Log file closed.
L 08/16/2021 - 03:59:20: SourceMod log file session started (file "C:\Users\wille\Desktop\css\cssds\cstrike\addons\sourcemod\logs\L20210816.log") (Version "1.10.0.6510")
L 08/16/2021 - 03:59:20: [GEOIP] GeoIP database info: GEO-106FREE 20180327 Build 1 Copyright (c) 2018 MaxMind Inc All Rights Reserved
L 08/16/2021 - 04:02:49: Log file closed.
L 08/16/2021 - 05:20:18: SourceMod log file session started (file "C:\Users\wille\Desktop\css\cssds\cstrike\addons\sourcemod\logs\L20210816.log") (Version "1.10.0.6510")
L 08/16/2021 - 05:20:18: [GEOIP] GeoIP database info: GEO-106FREE 20180327 Build 1 Copyright (c) 2018 MaxMind Inc All Rights Reserved
L 08/16/2021 - 05:40:27: Log file closed.
L 08/16/2021 - 16:13:42: SourceMod log file session started (file "C:\Users\wille\Desktop\css\cssds\cstrike\addons\sourcemod\logs\L20210816.log") (Version "1.10.0.6510")
L 08/16/2021 - 16:13:42: [GEOIP] GeoIP database info: GEO-106FREE 20180327 Build 1 Copyright (c) 2018 MaxMind Inc All Rights Reserved
L 08/16/2021 - 16:15:17: Log file closed.
L 08/16/2021 - 16:25:01: SourceMod log file session started (file "C:\Users\wille\Desktop\css\cssds\cstrike\addons\sourcemod\logs\L20210816.log") (Version "1.10.0.6510")
L 08/16/2021 - 16:25:01: [GEOIP] GeoIP database info: GEO-106FREE 20180327 Build 1 Copyright (c) 2018 MaxMind Inc All Rights Reserved
L 08/16/2021 - 16:25:52: Log file closed.
L 08/16/2021 - 17:29:49: SourceMod log file session started (file "C:\Users\wille\Desktop\css\cssds\cstrike\addons\sourcemod\logs\L20210816.log") (Version "1.10.0.6510")
L 08/16/2021 - 17:29:49: [GEOIP] GeoIP database info: GEO-106FREE 20180327 Build 1 Copyright (c) 2018 MaxMind Inc All Rights Reserved
L 08/16/2021 - 17:30:47: Log file closed.
L 08/16/2021 - 17:43:44: SourceMod log file session started (file "C:\Users\wille\Desktop\css\cssds\cstrike\addons\sourcemod\logs\L20210816.log") (Version "1.10.0.6510")
L 08/16/2021 - 17:43:44: [GEOIP] GeoIP database info: GEO-106FREE 20180327 Build 1 Copyright (c) 2018 MaxMind Inc All Rights Reserved
L 08/16/2021 - 17:44:36: Log file closed.
L 08/16/2021 - 17:45:27: SourceMod log file session started (file "C:\Users\wille\Desktop\css\cssds\cstrike\addons\sourcemod\logs\L20210816.log") (Version "1.10.0.6510")
L 08/16/2021 - 17:45:27: [GEOIP] GeoIP database info: GEO-106FREE 20180327 Build 1 Copyright (c) 2018 MaxMind Inc All Rights Reserved
L 08/16/2021 - 17:46:05: Log file closed.
L 08/16/2021 - 17:55:31: SourceMod log file session started (file "C:\Users\wille\Desktop\css\cssds\cstrike\addons\sourcemod\logs\L20210816.log") (Version "1.10.0.6510")
L 08/16/2021 - 17:55:31: [GEOIP] GeoIP database info: GEO-106FREE 20180327 Build 1 Copyright (c) 2018 MaxMind Inc All Rights Reserved
L 08/16/2021 - 17:56:18: Log file closed.
L 08/16/2021 - 17:58:48: SourceMod log file session started (file "C:\Users\wille\Desktop\css\cssds\cstrike\addons\sourcemod\logs\L20210816.log") (Version "1.10.0.6510")
L 08/16/2021 - 17:58:48: [GEOIP] GeoIP database info: GEO-106FREE 20180327 Build 1 Copyright (c) 2018 MaxMind Inc All Rights Reserved
L 08/16/2021 - 17:59:16: Log file closed.
L 08/16/2021 - 18:00:54: SourceMod log file session started (file "C:\Users\wille\Desktop\css\cssds\cstrike\addons\sourcemod\logs\L20210816.log") (Version "1.10.0.6510")
L 08/16/2021 - 18:00:54: [GEOIP] GeoIP database info: GEO-106FREE 20180327 Build 1 Copyright (c) 2018 MaxMind Inc All Rights Reserved
L 08/16/2021 - 18:01:47: Log file closed.
L 08/16/2021 - 18:16:37: SourceMod log file session started (file "C:\Users\wille\Desktop\css\cssds\cstrike\addons\sourcemod\logs\L20210816.log") (Version "1.10.0.6510")
L 08/16/2021 - 18:16:37: [GEOIP] GeoIP database info: GEO-106FREE 20180327 Build 1 Copyright (c) 2018 MaxMind Inc All Rights Reserved
L 08/16/2021 - 18:40:47: Log file closed.
L 08/16/2021 - 18:40:58: SourceMod log file session started (file "C:\Users\wille\Desktop\css\cssds\cstrike\addons\sourcemod\logs\L20210816.log") (Version "1.10.0.6510")
L 08/16/2021 - 18:40:58: [GEOIP] GeoIP database info: GEO-106FREE 20180327 Build 1 Copyright (c) 2018 MaxMind Inc All Rights Reserved
L 08/16/2021 - 18:42:32: Log file closed.
L 08/16/2021 - 18:42:46: SourceMod log file session started (file "C:\Users\wille\Desktop\css\cssds\cstrike\addons\sourcemod\logs\L20210816.log") (Version "1.10.0.6510")
L 08/16/2021 - 18:42:46: [GEOIP] GeoIP database info: GEO-106FREE 20180327 Build 1 Copyright (c) 2018 MaxMind Inc All Rights Reserved
L 08/16/2021 - 18:50:30: SourceMod log file session started (file "C:\Users\wille\Desktop\css\cssds\cstrike\addons\sourcemod\logs\L20210816.log") (Version "1.10.0.6510")
L 08/16/2021 - 18:50:30: [GEOIP] GeoIP database info: GEO-106FREE 20180327 Build 1 Copyright (c) 2018 MaxMind Inc All Rights Reserved
L 08/16/2021 - 18:51:10: Log file closed.
L 08/16/2021 - 18:51:17: SourceMod log file session started (file "C:\Users\wille\Desktop\css\cssds\cstrike\addons\sourcemod\logs\L20210816.log") (Version "1.10.0.6510")
L 08/16/2021 - 18:51:17: [GEOIP] GeoIP database info: GEO-106FREE 20180327 Build 1 Copyright (c) 2018 MaxMind Inc All Rights Reserved
L 08/16/2021 - 18:55:06: Log file closed.
L 08/16/2021 - 19:48:54: SourceMod log file session started (file "C:\Users\wille\Desktop\css\cssds\cstrike\addons\sourcemod\logs\L20210816.log") (Version "1.10.0.6510")
L 08/16/2021 - 19:48:54: [GEOIP] GeoIP database info: GEO-106FREE 20180327 Build 1 Copyright (c) 2018 MaxMind Inc All Rights Reserved
L 08/16/2021 - 19:50:35: Log file closed.
L 08/16/2021 - 20:11:59: SourceMod log file session started (file "C:\Users\wille\Desktop\css\cssds\cstrike\addons\sourcemod\logs\L20210816.log") (Version "1.10.0.6510")
L 08/16/2021 - 20:11:59: [GEOIP] GeoIP database info: GEO-106FREE 20180327 Build 1 Copyright (c) 2018 MaxMind Inc All Rights Reserved
L 08/16/2021 - 20:13:34: Log file closed.
L 08/16/2021 - 20:13:43: SourceMod log file session started (file "C:\Users\wille\Desktop\css\cssds\cstrike\addons\sourcemod\logs\L20210816.log") (Version "1.10.0.6510")
L 08/16/2021 - 20:13:43: [GEOIP] GeoIP database info: GEO-106FREE 20180327 Build 1 Copyright (c) 2018 MaxMind Inc All Rights Reserved
L 08/16/2021 - 20:14:21: Log file closed.
L 08/16/2021 - 21:18:08: SourceMod log file session started (file "C:\Users\wille\Desktop\css\cssds\cstrike\addons\sourcemod\logs\L20210816.log") (Version "1.10.0.6510")
L 08/16/2021 - 21:18:08: [GEOIP] GeoIP database info: GEO-106FREE 20180327 Build 1 Copyright (c) 2018 MaxMind Inc All Rights Reserved
L 08/16/2021 - 21:25:10: Log file closed.
L 08/16/2021 - 21:25:16: SourceMod log file session started (file "C:\Users\wille\Desktop\css\cssds\cstrike\addons\sourcemod\logs\L20210816.log") (Version "1.10.0.6510")
L 08/16/2021 - 21:25:16: [GEOIP] GeoIP database info: GEO-106FREE 20180327 Build 1 Copyright (c) 2018 MaxMind Inc All Rights Reserved
L 08/16/2021 - 21:29:01: Log file closed.
L 08/16/2021 - 21:33:04: SourceMod log file session started (file "C:\Users\wille\Desktop\css\cssds\cstrike\addons\sourcemod\logs\L20210816.log") (Version "1.10.0.6510")
L 08/16/2021 - 21:33:04: [GEOIP] GeoIP database info: GEO-106FREE 20180327 Build 1 Copyright (c) 2018 MaxMind Inc All Rights Reserved
L 08/16/2021 - 21:37:24: Log file closed.
L 08/16/2021 - 21:40:28: SourceMod log file session started (file "C:\Users\wille\Desktop\css\cssds\cstrike\addons\sourcemod\logs\L20210816.log") (Version "1.10.0.6510")
L 08/16/2021 - 21:40:28: [GEOIP] GeoIP database info: GEO-106FREE 20180327 Build 1 Copyright (c) 2018 MaxMind Inc All Rights Reserved
L 08/16/2021 - 21:43:17: Log file closed.
L 08/16/2021 - 21:43:45: SourceMod log file session started (file "C:\Users\wille\Desktop\css\cssds\cstrike\addons\sourcemod\logs\L20210816.log") (Version "1.10.0.6510")
L 08/16/2021 - 21:43:45: [GEOIP] GeoIP database info: GEO-106FREE 20180327 Build 1 Copyright (c) 2018 MaxMind Inc All Rights Reserved
L 08/16/2021 - 21:58:26: Log file closed.
L 08/16/2021 - 21:58:58: SourceMod log file session started (file "C:\Users\wille\Desktop\css\cssds\cstrike\addons\sourcemod\logs\L20210816.log") (Version "1.10.0.6510")
L 08/16/2021 - 21:58:58: [GEOIP] GeoIP database info: GEO-106FREE 20180327 Build 1 Copyright (c) 2018 MaxMind Inc All Rights Reserved
L 08/16/2021 - 22:01:20: Log file closed.
L 08/16/2021 - 22:02:01: SourceMod log file session started (file "C:\Users\wille\Desktop\css\cssds\cstrike\addons\sourcemod\logs\L20210816.log") (Version "1.10.0.6510")
L 08/16/2021 - 22:02:01: [GEOIP] GeoIP database info: GEO-106FREE 20180327 Build 1 Copyright (c) 2018 MaxMind Inc All Rights Reserved
L 08/16/2021 - 22:10:32: Log file closed.
L 08/16/2021 - 22:10:42: SourceMod log file session started (file "C:\Users\wille\Desktop\css\cssds\cstrike\addons\sourcemod\logs\L20210816.log") (Version "1.10.0.6510")
L 08/16/2021 - 22:10:42: [GEOIP] GeoIP database info: GEO-106FREE 20180327 Build 1 Copyright (c) 2018 MaxMind Inc All Rights Reserved
L 08/16/2021 - 22:11:24: Log file closed.
L 08/16/2021 - 22:12:00: SourceMod log file session started (file "C:\Users\wille\Desktop\css\cssds\cstrike\addons\sourcemod\logs\L20210816.log") (Version "1.10.0.6510")
L 08/16/2021 - 22:12:00: [GEOIP] GeoIP database info: GEO-106FREE 20180327 Build 1 Copyright (c) 2018 MaxMind Inc All Rights Reserved
L 08/16/2021 - 22:25:10: Log file closed.
L 08/16/2021 - 22:25:13: SourceMod log file session started (file "C:\Users\wille\Desktop\css\cssds\cstrike\addons\sourcemod\logs\L20210816.log") (Version "1.10.0.6510")
L 08/16/2021 - 22:25:13: [GEOIP] GeoIP database info: GEO-106FREE 20180327 Build 1 Copyright (c) 2018 MaxMind Inc All Rights Reserved
L 08/16/2021 - 22:26:04: Log file closed.
L 08/16/2021 - 22:26:48: SourceMod log file session started (file "C:\Users\wille\Desktop\css\cssds\cstrike\addons\sourcemod\logs\L20210816.log") (Version "1.10.0.6510")
L 08/16/2021 - 22:26:48: [GEOIP] GeoIP database info: GEO-106FREE 20180327 Build 1 Copyright (c) 2018 MaxMind Inc All Rights Reserved
L 08/16/2021 - 22:29:16: Log file closed.
L 08/16/2021 - 22:29:37: SourceMod log file session started (file "C:\Users\wille\Desktop\css\cssds\cstrike\addons\sourcemod\logs\L20210816.log") (Version "1.10.0.6510")
L 08/16/2021 - 22:29:37: [GEOIP] GeoIP database info: GEO-106FREE 20180327 Build 1 Copyright (c) 2018 MaxMind Inc All Rights Reserved
L 08/16/2021 - 22:31:00: Log file closed.
L 08/16/2021 - 22:31:48: SourceMod log file session started (file "C:\Users\wille\Desktop\css\cssds\cstrike\addons\sourcemod\logs\L20210816.log") (Version "1.10.0.6510")
L 08/16/2021 - 22:31:48: [GEOIP] GeoIP database info: GEO-106FREE 20180327 Build 1 Copyright (c) 2018 MaxMind Inc All Rights Reserved
L 08/16/2021 - 22:34:47: Log file closed.
L 08/16/2021 - 22:34:57: SourceMod log file session started (file "C:\Users\wille\Desktop\css\cssds\cstrike\addons\sourcemod\logs\L20210816.log") (Version "1.10.0.6510")
L 08/16/2021 - 22:34:57: [GEOIP] GeoIP database info: GEO-106FREE 20180327 Build 1 Copyright (c) 2018 MaxMind Inc All Rights Reserved
L 08/16/2021 - 22:36:32: Log file closed.
L 08/16/2021 - 22:36:41: SourceMod log file session started (file "C:\Users\wille\Desktop\css\cssds\cstrike\addons\sourcemod\logs\L20210816.log") (Version "1.10.0.6510")
L 08/16/2021 - 22:36:41: [GEOIP] GeoIP database info: GEO-106FREE 20180327 Build 1 Copyright (c) 2018 MaxMind Inc All Rights Reserved
L 08/16/2021 - 23:11:39: Log file closed.
L 08/16/2021 - 23:11:52: SourceMod log file session started (file "C:\Users\wille\Desktop\css\cssds\cstrike\addons\sourcemod\logs\L20210816.log") (Version "1.10.0.6510")
L 08/16/2021 - 23:11:52: [GEOIP] GeoIP database info: GEO-106FREE 20180327 Build 1 Copyright (c) 2018 MaxMind Inc All Rights Reserved
L 08/16/2021 - 23:18:56: Log file closed.
L 08/16/2021 - 23:19:02: SourceMod log file session started (file "C:\Users\wille\Desktop\css\cssds\cstrike\addons\sourcemod\logs\L20210816.log") (Version "1.10.0.6510")
L 08/16/2021 - 23:19:02: [GEOIP] GeoIP database info: GEO-106FREE 20180327 Build 1 Copyright (c) 2018 MaxMind Inc All Rights Reserved
L 08/16/2021 - 23:23:49: Log file closed.
L 08/16/2021 - 23:24:31: SourceMod log file session started (file "C:\Users\wille\Desktop\css\cssds\cstrike\addons\sourcemod\logs\L20210816.log") (Version "1.10.0.6510")
L 08/16/2021 - 23:24:31: [GEOIP] GeoIP database info: GEO-106FREE 20180327 Build 1 Copyright (c) 2018 MaxMind Inc All Rights Reserved
L 08/16/2021 - 23:29:19: SourceMod log file session started (file "C:\Users\wille\Desktop\css\cssds\cstrike\addons\sourcemod\logs\L20210816.log") (Version "1.10.0.6510")
L 08/16/2021 - 23:29:19: [GEOIP] GeoIP database info: GEO-106FREE 20180327 Build 1 Copyright (c) 2018 MaxMind Inc All Rights Reserved
L 08/16/2021 - 23:29:29: SourceMod log file session started (file "C:\Users\wille\Desktop\css\cssds\cstrike\addons\sourcemod\logs\L20210816.log") (Version "1.10.0.6510")
L 08/16/2021 - 23:29:29: [GEOIP] GeoIP database info: GEO-106FREE 20180327 Build 1 Copyright (c) 2018 MaxMind Inc All Rights Reserved
L 08/16/2021 - 23:32:14: SourceMod log file session started (file "C:\Users\wille\Desktop\css\cssds\cstrike\addons\sourcemod\logs\L20210816.log") (Version "1.10.0.6510")
L 08/16/2021 - 23:32:14: [GEOIP] GeoIP database info: GEO-106FREE 20180327 Build 1 Copyright (c) 2018 MaxMind Inc All Rights Reserved
L 08/16/2021 - 23:35:10: Log file closed.
L 08/16/2021 - 23:35:14: SourceMod log file session started (file "C:\Users\wille\Desktop\css\cssds\cstrike\addons\sourcemod\logs\L20210816.log") (Version "1.10.0.6510")
L 08/16/2021 - 23:35:14: [GEOIP] GeoIP database info: GEO-106FREE 20180327 Build 1 Copyright (c) 2018 MaxMind Inc All Rights Reserved
L 08/16/2021 - 23:38:08: SourceMod log file session started (file "C:\Users\wille\Desktop\css\cssds\cstrike\addons\sourcemod\logs\L20210816.log") (Version "1.10.0.6510")
L 08/16/2021 - 23:38:08: [GEOIP] GeoIP database info: GEO-106FREE 20180327 Build 1 Copyright (c) 2018 MaxMind Inc All Rights Reserved
