L 08/17/2021 - 01:08:40: SourceMod log file session started (file "C:\Users\wille\Desktop\css\cssds\cstrike\addons\sourcemod\logs\L20210817.log") (Version "1.10.0.6510")
L 08/17/2021 - 01:08:40: [GEOIP] GeoIP database info: GEO-106FREE 20180327 Build 1 Copyright (c) 2018 MaxMind Inc All Rights Reserved
L 08/17/2021 - 01:09:51: Log file closed.
L 08/17/2021 - 01:10:35: SourceMod log file session started (file "C:\Users\wille\Desktop\css\cssds\cstrike\addons\sourcemod\logs\L20210817.log") (Version "1.10.0.6510")
L 08/17/2021 - 01:10:35: [GEOIP] GeoIP database info: GEO-106FREE 20180327 Build 1 Copyright (c) 2018 MaxMind Inc All Rights Reserved
L 08/17/2021 - 01:11:05: Log file closed.
L 08/17/2021 - 01:13:56: SourceMod log file session started (file "C:\Users\wille\Desktop\css\cssds\cstrike\addons\sourcemod\logs\L20210817.log") (Version "1.10.0.6510")
L 08/17/2021 - 01:13:56: [GEOIP] GeoIP database info: GEO-106FREE 20180327 Build 1 Copyright (c) 2018 MaxMind Inc All Rights Reserved
L 08/17/2021 - 01:16:05: Log file closed.
L 08/17/2021 - 01:16:52: SourceMod log file session started (file "C:\Users\wille\Desktop\css\cssds\cstrike\addons\sourcemod\logs\L20210817.log") (Version "1.10.0.6510")
L 08/17/2021 - 01:16:52: [GEOIP] GeoIP database info: GEO-106FREE 20180327 Build 1 Copyright (c) 2018 MaxMind Inc All Rights Reserved
L 08/17/2021 - 01:17:24: Log file closed.
L 08/17/2021 - 01:18:04: SourceMod log file session started (file "C:\Users\wille\Desktop\css\cssds\cstrike\addons\sourcemod\logs\L20210817.log") (Version "1.10.0.6510")
L 08/17/2021 - 01:18:04: [GEOIP] GeoIP database info: GEO-106FREE 20180327 Build 1 Copyright (c) 2018 MaxMind Inc All Rights Reserved
L 08/17/2021 - 01:37:31: Log file closed.
L 08/17/2021 - 01:37:37: SourceMod log file session started (file "C:\Users\wille\Desktop\css\cssds\cstrike\addons\sourcemod\logs\L20210817.log") (Version "1.10.0.6510")
L 08/17/2021 - 01:37:37: [GEOIP] GeoIP database info: GEO-106FREE 20180327 Build 1 Copyright (c) 2018 MaxMind Inc All Rights Reserved
L 08/17/2021 - 01:53:05: Log file closed.
L 08/17/2021 - 01:53:19: SourceMod log file session started (file "C:\Users\wille\Desktop\css\cssds\cstrike\addons\sourcemod\logs\L20210817.log") (Version "1.10.0.6510")
L 08/17/2021 - 01:53:19: [GEOIP] GeoIP database info: GEO-106FREE 20180327 Build 1 Copyright (c) 2018 MaxMind Inc All Rights Reserved
L 08/17/2021 - 02:02:38: Log file closed.
L 08/17/2021 - 02:02:43: SourceMod log file session started (file "C:\Users\wille\Desktop\css\cssds\cstrike\addons\sourcemod\logs\L20210817.log") (Version "1.10.0.6510")
L 08/17/2021 - 02:02:43: [GEOIP] GeoIP database info: GEO-106FREE 20180327 Build 1 Copyright (c) 2018 MaxMind Inc All Rights Reserved
L 08/17/2021 - 02:10:15: Log file closed.
L 08/17/2021 - 02:10:19: SourceMod log file session started (file "C:\Users\wille\Desktop\css\cssds\cstrike\addons\sourcemod\logs\L20210817.log") (Version "1.10.0.6510")
L 08/17/2021 - 02:10:19: [GEOIP] GeoIP database info: GEO-106FREE 20180327 Build 1 Copyright (c) 2018 MaxMind Inc All Rights Reserved
L 08/17/2021 - 02:14:24: Log file closed.
L 08/17/2021 - 02:21:40: SourceMod log file session started (file "C:\Users\wille\Desktop\css\cssds\cstrike\addons\sourcemod\logs\L20210817.log") (Version "1.10.0.6510")
L 08/17/2021 - 02:21:40: [GEOIP] GeoIP database info: GEO-106FREE 20180327 Build 1 Copyright (c) 2018 MaxMind Inc All Rights Reserved
L 08/17/2021 - 02:24:00: Log file closed.
L 08/17/2021 - 02:45:02: SourceMod log file session started (file "C:\Users\wille\Desktop\css\cssds\cstrike\addons\sourcemod\logs\L20210817.log") (Version "1.10.0.6510")
L 08/17/2021 - 02:45:02: [GEOIP] GeoIP database info: GEO-106FREE 20180327 Build 1 Copyright (c) 2018 MaxMind Inc All Rights Reserved
L 08/17/2021 - 02:51:17: Log file closed.
L 08/17/2021 - 03:06:03: SourceMod log file session started (file "C:\Users\wille\Desktop\css\cssds\cstrike\addons\sourcemod\logs\L20210817.log") (Version "1.10.0.6510")
L 08/17/2021 - 03:06:03: [GEOIP] GeoIP database info: GEO-106FREE 20180327 Build 1 Copyright (c) 2018 MaxMind Inc All Rights Reserved
L 08/17/2021 - 03:13:57: Log file closed.
L 08/17/2021 - 03:14:04: SourceMod log file session started (file "C:\Users\wille\Desktop\css\cssds\cstrike\addons\sourcemod\logs\L20210817.log") (Version "1.10.0.6510")
L 08/17/2021 - 03:14:04: [GEOIP] GeoIP database info: GEO-106FREE 20180327 Build 1 Copyright (c) 2018 MaxMind Inc All Rights Reserved
L 08/17/2021 - 03:17:08: Log file closed.
L 08/17/2021 - 03:17:18: SourceMod log file session started (file "C:\Users\wille\Desktop\css\cssds\cstrike\addons\sourcemod\logs\L20210817.log") (Version "1.10.0.6510")
L 08/17/2021 - 03:17:18: [GEOIP] GeoIP database info: GEO-106FREE 20180327 Build 1 Copyright (c) 2018 MaxMind Inc All Rights Reserved
L 08/17/2021 - 03:18:14: Log file closed.
L 08/17/2021 - 03:25:22: SourceMod log file session started (file "C:\Users\wille\Desktop\css\cssds\cstrike\addons\sourcemod\logs\L20210817.log") (Version "1.10.0.6510")
L 08/17/2021 - 03:25:22: [GEOIP] GeoIP database info: GEO-106FREE 20180327 Build 1 Copyright (c) 2018 MaxMind Inc All Rights Reserved
L 08/17/2021 - 03:34:43: Log file closed.
L 08/17/2021 - 03:40:03: SourceMod log file session started (file "C:\Users\wille\Desktop\css\cssds\cstrike\addons\sourcemod\logs\L20210817.log") (Version "1.10.0.6510")
L 08/17/2021 - 03:40:03: [GEOIP] GeoIP database info: GEO-106FREE 20180327 Build 1 Copyright (c) 2018 MaxMind Inc All Rights Reserved
L 08/17/2021 - 03:55:10: Log file closed.
L 08/17/2021 - 03:55:56: SourceMod log file session started (file "C:\Users\wille\Desktop\css\cssds\cstrike\addons\sourcemod\logs\L20210817.log") (Version "1.10.0.6510")
L 08/17/2021 - 03:55:56: [GEOIP] GeoIP database info: GEO-106FREE 20180327 Build 1 Copyright (c) 2018 MaxMind Inc All Rights Reserved
L 08/17/2021 - 04:19:26: Log file closed.
L 08/17/2021 - 04:19:35: SourceMod log file session started (file "C:\Users\wille\Desktop\css\cssds\cstrike\addons\sourcemod\logs\L20210817.log") (Version "1.10.0.6510")
L 08/17/2021 - 04:19:35: [GEOIP] GeoIP database info: GEO-106FREE 20180327 Build 1 Copyright (c) 2018 MaxMind Inc All Rights Reserved
L 08/17/2021 - 04:30:44: Log file closed.
L 08/17/2021 - 04:31:31: SourceMod log file session started (file "C:\Users\wille\Desktop\css\cssds\cstrike\addons\sourcemod\logs\L20210817.log") (Version "1.10.0.6510")
L 08/17/2021 - 04:31:31: [GEOIP] GeoIP database info: GEO-106FREE 20180327 Build 1 Copyright (c) 2018 MaxMind Inc All Rights Reserved
L 08/17/2021 - 04:37:40: Log file closed.
L 08/17/2021 - 04:47:03: SourceMod log file session started (file "C:\Users\wille\Desktop\css\cssds\cstrike\addons\sourcemod\logs\L20210817.log") (Version "1.10.0.6510")
L 08/17/2021 - 04:47:03: [GEOIP] GeoIP database info: GEO-106FREE 20180327 Build 1 Copyright (c) 2018 MaxMind Inc All Rights Reserved
L 08/17/2021 - 04:47:45: Log file closed.
L 08/17/2021 - 04:55:55: SourceMod log file session started (file "C:\Users\wille\Desktop\css\cssds\cstrike\addons\sourcemod\logs\L20210817.log") (Version "1.10.0.6510")
L 08/17/2021 - 04:55:55: [GEOIP] GeoIP database info: GEO-106FREE 20180327 Build 1 Copyright (c) 2018 MaxMind Inc All Rights Reserved
L 08/17/2021 - 04:58:04: Log file closed.
L 08/17/2021 - 04:58:48: SourceMod log file session started (file "C:\Users\wille\Desktop\css\cssds\cstrike\addons\sourcemod\logs\L20210817.log") (Version "1.10.0.6510")
L 08/17/2021 - 04:58:48: [GEOIP] GeoIP database info: GEO-106FREE 20180327 Build 1 Copyright (c) 2018 MaxMind Inc All Rights Reserved
L 08/17/2021 - 05:00:41: Log file closed.
L 08/17/2021 - 05:02:56: SourceMod log file session started (file "C:\Users\wille\Desktop\css\cssds\cstrike\addons\sourcemod\logs\L20210817.log") (Version "1.10.0.6510")
L 08/17/2021 - 05:02:56: [GEOIP] GeoIP database info: GEO-106FREE 20180327 Build 1 Copyright (c) 2018 MaxMind Inc All Rights Reserved
L 08/17/2021 - 05:04:16: Log file closed.
L 08/17/2021 - 05:09:47: SourceMod log file session started (file "C:\Users\wille\Desktop\css\cssds\cstrike\addons\sourcemod\logs\L20210817.log") (Version "1.10.0.6510")
L 08/17/2021 - 05:09:47: [GEOIP] GeoIP database info: GEO-106FREE 20180327 Build 1 Copyright (c) 2018 MaxMind Inc All Rights Reserved
L 08/17/2021 - 05:10:54: Log file closed.
L 08/17/2021 - 05:13:09: SourceMod log file session started (file "C:\Users\wille\Desktop\css\cssds\cstrike\addons\sourcemod\logs\L20210817.log") (Version "1.10.0.6510")
L 08/17/2021 - 05:13:09: [GEOIP] GeoIP database info: GEO-106FREE 20180327 Build 1 Copyright (c) 2018 MaxMind Inc All Rights Reserved
L 08/17/2021 - 05:25:21: Log file closed.
L 08/17/2021 - 05:25:25: SourceMod log file session started (file "C:\Users\wille\Desktop\css\cssds\cstrike\addons\sourcemod\logs\L20210817.log") (Version "1.10.0.6510")
L 08/17/2021 - 05:25:25: [GEOIP] GeoIP database info: GEO-106FREE 20180327 Build 1 Copyright (c) 2018 MaxMind Inc All Rights Reserved
L 08/17/2021 - 05:26:38: Log file closed.
L 08/17/2021 - 05:31:18: SourceMod log file session started (file "C:\Users\wille\Desktop\css\cssds\cstrike\addons\sourcemod\logs\L20210817.log") (Version "1.10.0.6510")
L 08/17/2021 - 05:31:18: [GEOIP] GeoIP database info: GEO-106FREE 20180327 Build 1 Copyright (c) 2018 MaxMind Inc All Rights Reserved
L 08/17/2021 - 05:36:39: Log file closed.
L 08/17/2021 - 05:36:43: SourceMod log file session started (file "C:\Users\wille\Desktop\css\cssds\cstrike\addons\sourcemod\logs\L20210817.log") (Version "1.10.0.6510")
L 08/17/2021 - 05:36:43: [GEOIP] GeoIP database info: GEO-106FREE 20180327 Build 1 Copyright (c) 2018 MaxMind Inc All Rights Reserved
L 08/17/2021 - 05:37:10: Log file closed.
L 08/17/2021 - 05:38:12: SourceMod log file session started (file "C:\Users\wille\Desktop\css\cssds\cstrike\addons\sourcemod\logs\L20210817.log") (Version "1.10.0.6510")
L 08/17/2021 - 05:38:12: [GEOIP] GeoIP database info: GEO-106FREE 20180327 Build 1 Copyright (c) 2018 MaxMind Inc All Rights Reserved
L 08/17/2021 - 05:38:44: Log file closed.
L 08/17/2021 - 05:42:32: SourceMod log file session started (file "C:\Users\wille\Desktop\css\cssds\cstrike\addons\sourcemod\logs\L20210817.log") (Version "1.10.0.6510")
L 08/17/2021 - 05:42:32: [GEOIP] GeoIP database info: GEO-106FREE 20180327 Build 1 Copyright (c) 2018 MaxMind Inc All Rights Reserved
L 08/17/2021 - 05:45:16: Log file closed.
L 08/17/2021 - 05:54:10: SourceMod log file session started (file "C:\Users\wille\Desktop\css\cssds\cstrike\addons\sourcemod\logs\L20210817.log") (Version "1.10.0.6510")
L 08/17/2021 - 05:54:10: [GEOIP] GeoIP database info: GEO-106FREE 20180327 Build 1 Copyright (c) 2018 MaxMind Inc All Rights Reserved
L 08/17/2021 - 05:56:02: Log file closed.
L 08/17/2021 - 05:58:44: SourceMod log file session started (file "C:\Users\wille\Desktop\css\cssds\cstrike\addons\sourcemod\logs\L20210817.log") (Version "1.10.0.6510")
L 08/17/2021 - 05:58:44: [GEOIP] GeoIP database info: GEO-106FREE 20180327 Build 1 Copyright (c) 2018 MaxMind Inc All Rights Reserved
L 08/17/2021 - 06:01:57: Log file closed.
L 08/17/2021 - 06:22:41: SourceMod log file session started (file "C:\Users\wille\Desktop\css\cssds\cstrike\addons\sourcemod\logs\L20210817.log") (Version "1.10.0.6510")
L 08/17/2021 - 06:22:41: [GEOIP] GeoIP database info: GEO-106FREE 20180327 Build 1 Copyright (c) 2018 MaxMind Inc All Rights Reserved
L 08/17/2021 - 06:23:47: Log file closed.
L 08/17/2021 - 06:25:14: SourceMod log file session started (file "C:\Users\wille\Desktop\css\cssds\cstrike\addons\sourcemod\logs\L20210817.log") (Version "1.10.0.6510")
L 08/17/2021 - 06:25:14: [GEOIP] GeoIP database info: GEO-106FREE 20180327 Build 1 Copyright (c) 2018 MaxMind Inc All Rights Reserved
L 08/17/2021 - 06:46:00: Log file closed.
L 08/17/2021 - 06:51:07: SourceMod log file session started (file "C:\Users\wille\Desktop\css\cssds\cstrike\addons\sourcemod\logs\L20210817.log") (Version "1.10.0.6510")
L 08/17/2021 - 06:51:07: [GEOIP] GeoIP database info: GEO-106FREE 20180327 Build 1 Copyright (c) 2018 MaxMind Inc All Rights Reserved
L 08/17/2021 - 06:58:02: Log file closed.
L 08/17/2021 - 07:18:15: SourceMod log file session started (file "C:\Users\wille\Desktop\css\cssds\cstrike\addons\sourcemod\logs\L20210817.log") (Version "1.10.0.6510")
L 08/17/2021 - 07:18:15: [GEOIP] GeoIP database info: GEO-106FREE 20180327 Build 1 Copyright (c) 2018 MaxMind Inc All Rights Reserved
L 08/17/2021 - 07:21:57: [basecommands.smx] "Dr. WilzzubB0b<2><[U:1:187499203]><>" changed map to "trikz_TinTin"
L 08/17/2021 - 07:22:00: [SM] Changed map to "trikz_TinTin"
L 08/17/2021 - 07:22:01: -------- Mapchange to trikz_TinTin --------
L 08/17/2021 - 07:26:57: Log file closed.
L 08/17/2021 - 15:12:54: SourceMod log file session started (file "C:\Users\wille\Desktop\css\cssds\cstrike\addons\sourcemod\logs\L20210817.log") (Version "1.10.0.6510")
L 08/17/2021 - 15:12:54: [GEOIP] GeoIP database info: GEO-106FREE 20180327 Build 1 Copyright (c) 2018 MaxMind Inc All Rights Reserved
L 08/17/2021 - 15:20:15: SourceMod log file session started (file "C:\Users\wille\Desktop\css\cssds\cstrike\addons\sourcemod\logs\L20210817.log") (Version "1.10.0.6510")
L 08/17/2021 - 15:20:15: [GEOIP] GeoIP database info: GEO-106FREE 20180327 Build 1 Copyright (c) 2018 MaxMind Inc All Rights Reserved
L 08/17/2021 - 15:22:40: SourceMod log file session started (file "C:\Users\wille\Desktop\css\cssds\cstrike\addons\sourcemod\logs\L20210817.log") (Version "1.10.0.6510")
L 08/17/2021 - 15:22:40: [GEOIP] GeoIP database info: GEO-106FREE 20180327 Build 1 Copyright (c) 2018 MaxMind Inc All Rights Reserved
L 08/17/2021 - 15:25:25: SourceMod log file session started (file "C:\Users\wille\Desktop\css\cssds\cstrike\addons\sourcemod\logs\L20210817.log") (Version "1.10.0.6510")
L 08/17/2021 - 15:25:25: [GEOIP] GeoIP database info: GEO-106FREE 20180327 Build 1 Copyright (c) 2018 MaxMind Inc All Rights Reserved
L 08/17/2021 - 15:27:41: SourceMod log file session started (file "C:\Users\wille\Desktop\css\cssds\cstrike\addons\sourcemod\logs\L20210817.log") (Version "1.10.0.6510")
L 08/17/2021 - 15:27:41: [GEOIP] GeoIP database info: GEO-106FREE 20180327 Build 1 Copyright (c) 2018 MaxMind Inc All Rights Reserved
L 08/17/2021 - 15:29:48: Log file closed.
L 08/17/2021 - 15:30:18: SourceMod log file session started (file "C:\Users\wille\Desktop\css\cssds\cstrike\addons\sourcemod\logs\L20210817.log") (Version "1.10.0.6510")
L 08/17/2021 - 15:30:18: [GEOIP] GeoIP database info: GEO-106FREE 20180327 Build 1 Copyright (c) 2018 MaxMind Inc All Rights Reserved
L 08/17/2021 - 15:33:29: Log file closed.
L 08/17/2021 - 19:49:35: SourceMod log file session started (file "C:\Users\wille\Desktop\css\cssds\cstrike\addons\sourcemod\logs\L20210817.log") (Version "1.10.0.6510")
L 08/17/2021 - 19:49:35: [GEOIP] GeoIP database info: GEO-106FREE 20180327 Build 1 Copyright (c) 2018 MaxMind Inc All Rights Reserved
L 08/17/2021 - 19:58:21: Log file closed.
L 08/17/2021 - 19:59:05: SourceMod log file session started (file "C:\Users\wille\Desktop\css\cssds\cstrike\addons\sourcemod\logs\L20210817.log") (Version "1.10.0.6510")
L 08/17/2021 - 19:59:05: [GEOIP] GeoIP database info: GEO-106FREE 20180327 Build 1 Copyright (c) 2018 MaxMind Inc All Rights Reserved
L 08/17/2021 - 20:04:19: Log file closed.
L 08/17/2021 - 20:04:22: SourceMod log file session started (file "C:\Users\wille\Desktop\css\cssds\cstrike\addons\sourcemod\logs\L20210817.log") (Version "1.10.0.6510")
L 08/17/2021 - 20:04:22: [GEOIP] GeoIP database info: GEO-106FREE 20180327 Build 1 Copyright (c) 2018 MaxMind Inc All Rights Reserved
L 08/17/2021 - 20:04:49: [teleport.smx] "Dr. WilzzubB0b<2><[U:1:187499203]><>" teleported "!replay<3><BOT><>" to himself.
L 08/17/2021 - 20:04:54: [teleport.smx] "Dr. WilzzubB0b<2><[U:1:187499203]><>" teleported "!replay<3><BOT><>" to himself.
L 08/17/2021 - 21:04:43: [SM] Changed map to "trikz_cyrus"
L 08/17/2021 - 21:04:43: -------- Mapchange to trikz_cyrus --------
L 08/17/2021 - 21:51:23: Log file closed.
L 08/17/2021 - 22:06:15: SourceMod log file session started (file "C:\Users\wille\Desktop\css\cssds\cstrike\addons\sourcemod\logs\L20210817.log") (Version "1.10.0.6510")
L 08/17/2021 - 22:06:15: [GEOIP] GeoIP database info: GEO-106FREE 20180327 Build 1 Copyright (c) 2018 MaxMind Inc All Rights Reserved
L 08/17/2021 - 22:08:05: Log file closed.
L 08/17/2021 - 22:16:49: SourceMod log file session started (file "C:\Users\wille\Desktop\css\cssds\cstrike\addons\sourcemod\logs\L20210817.log") (Version "1.10.0.6510")
L 08/17/2021 - 22:16:49: [GEOIP] GeoIP database info: GEO-106FREE 20180327 Build 1 Copyright (c) 2018 MaxMind Inc All Rights Reserved
L 08/17/2021 - 22:28:05: SourceMod log file session started (file "C:\Users\wille\Desktop\css\cssds\cstrike\addons\sourcemod\logs\L20210817.log") (Version "1.10.0.6510")
L 08/17/2021 - 22:28:05: [GEOIP] GeoIP database info: GEO-106FREE 20180327 Build 1 Copyright (c) 2018 MaxMind Inc All Rights Reserved
L 08/17/2021 - 22:37:18: Log file closed.
L 08/17/2021 - 22:37:31: SourceMod log file session started (file "C:\Users\wille\Desktop\css\cssds\cstrike\addons\sourcemod\logs\L20210817.log") (Version "1.10.0.6510")
L 08/17/2021 - 22:37:31: [GEOIP] GeoIP database info: GEO-106FREE 20180327 Build 1 Copyright (c) 2018 MaxMind Inc All Rights Reserved
L 08/17/2021 - 22:39:52: Log file closed.
L 08/17/2021 - 22:40:07: SourceMod log file session started (file "C:\Users\wille\Desktop\css\cssds\cstrike\addons\sourcemod\logs\L20210817.log") (Version "1.10.0.6510")
L 08/17/2021 - 22:40:07: [GEOIP] GeoIP database info: GEO-106FREE 20180327 Build 1 Copyright (c) 2018 MaxMind Inc All Rights Reserved
L 08/17/2021 - 22:48:05: Log file closed.
