L 08/20/2021 - 02:05:54: SourceMod log file session started (file "I:\steamCMD\trikz server\cssds\cstrike\addons\sourcemod\logs\L20210820.log") (Version "1.10.0.6510")
L 08/20/2021 - 02:05:54: [GEOIP] GeoIP database info: GEO-106FREE 20180327 Build 1 Copyright (c) 2018 MaxMind Inc All Rights Reserved
L 08/20/2021 - 02:06:31: [basecommands.smx] "Dr. WilzzubB0b<3><[U:1:187499203]><>" changed map to "trikz_kyoto_final"
L 08/20/2021 - 02:06:34: [SM] Changed map to "trikz_kyoto_final"
L 08/20/2021 - 02:06:40: -------- Mapchange to trikz_kyoto_final --------
L 08/20/2021 - 02:10:50: [teleport.smx] "Dr. WilzzubB0b<3><[U:1:187499203]><>" teleported "TyöstöKärry<2><[U:1:91517524]><>" to himself.
L 08/20/2021 - 02:12:26: Log file closed.
L 08/20/2021 - 02:17:36: SourceMod log file session started (file "I:\steamCMD\trikz server\cssds\cstrike\addons\sourcemod\logs\L20210820.log") (Version "1.10.0.6510")
L 08/20/2021 - 02:17:36: [GEOIP] GeoIP database info: GEO-106FREE 20180327 Build 1 Copyright (c) 2018 MaxMind Inc All Rights Reserved
L 08/20/2021 - 02:17:44: Log file closed.
L 08/20/2021 - 02:18:48: SourceMod log file session started (file "I:\steamCMD\trikz server\cssds\cstrike\addons\sourcemod\logs\L20210820.log") (Version "1.10.0.6510")
L 08/20/2021 - 02:18:48: [GEOIP] GeoIP database info: GEO-106FREE 20180327 Build 1 Copyright (c) 2018 MaxMind Inc All Rights Reserved
L 08/20/2021 - 02:18:56: Log file closed.
L 08/20/2021 - 02:20:22: SourceMod log file session started (file "I:\steamCMD\trikz server\cssds\cstrike\addons\sourcemod\logs\L20210820.log") (Version "1.10.0.6510")
L 08/20/2021 - 02:20:22: [GEOIP] GeoIP database info: GEO-106FREE 20180327 Build 1 Copyright (c) 2018 MaxMind Inc All Rights Reserved
L 08/20/2021 - 02:20:53: Log file closed.
L 08/20/2021 - 02:21:02: SourceMod log file session started (file "I:\steamCMD\trikz server\cssds\cstrike\addons\sourcemod\logs\L20210820.log") (Version "1.10.0.6510")
L 08/20/2021 - 02:21:02: [GEOIP] GeoIP database info: GEO-106FREE 20180327 Build 1 Copyright (c) 2018 MaxMind Inc All Rights Reserved
L 08/20/2021 - 02:25:43: [basecommands.smx] "TyöstöKärry<4><[U:1:91517524]><>" changed map to "trikz_daemon"
L 08/20/2021 - 02:25:47: [SM] Changed map to "trikz_daemon"
L 08/20/2021 - 02:25:47: -------- Mapchange to trikz_daemon --------
L 08/20/2021 - 02:36:13: [basecommands.smx] "TyöstöKärry<4><[U:1:91517524]><>" changed map to "trikz_noxious"
L 08/20/2021 - 02:36:16: [SM] Changed map to "trikz_noxious"
L 08/20/2021 - 02:36:17: -------- Mapchange to trikz_noxious --------
L 08/20/2021 - 02:37:41: [basecommands.smx] "TyöstöKärry<4><[U:1:91517524]><>" changed map to "trikz_MoscowDno"
L 08/20/2021 - 02:37:44: [SM] Changed map to "trikz_MoscowDno"
L 08/20/2021 - 02:37:44: -------- Mapchange to trikz_MoscowDno --------
L 08/20/2021 - 03:16:03: [basecommands.smx] "TyöstöKärry<4><[U:1:91517524]><>" changed map to "trikz_affinity"
L 08/20/2021 - 03:16:07: [SM] Changed map to "trikz_affinity"
L 08/20/2021 - 03:16:08: -------- Mapchange to trikz_affinity --------
L 08/20/2021 - 03:26:24: [basecommands.smx] "TyöstöKärry<4><[U:1:91517524]><>" changed map to "trikz_RandomRaider"
L 08/20/2021 - 03:26:27: [SM] Changed map to "trikz_RandomRaider"
L 08/20/2021 - 03:26:30: -------- Mapchange to trikz_RandomRaider --------
L 08/20/2021 - 04:33:15: Log file closed.
