L 08/18/2021 - 16:27:31: SourceMod log file session started (file "C:\Users\wille\Desktop\css\cssds\cstrike\addons\sourcemod\logs\L20210818.log") (Version "1.10.0.6510")
L 08/18/2021 - 16:27:31: [GEOIP] GeoIP database info: GEO-106FREE 20180327 Build 1 Copyright (c) 2018 MaxMind Inc All Rights Reserved
L 08/18/2021 - 18:14:19: SourceMod log file session started (file "C:\Users\wille\Desktop\css\cssds\cstrike\addons\sourcemod\logs\L20210818.log") (Version "1.10.0.6510")
L 08/18/2021 - 18:14:19: [GEOIP] GeoIP database info: GEO-106FREE 20180327 Build 1 Copyright (c) 2018 MaxMind Inc All Rights Reserved
L 08/18/2021 - 18:15:17: [basecommands.smx] "Dr. WilzzubB0b<2><[U:1:187499203]><>" changed map to "daemon"
L 08/18/2021 - 18:15:20: [SM] Changed map to "daemon"
L 08/18/2021 - 18:15:20: -------- Mapchange to trikz_daemon --------
L 08/18/2021 - 18:21:40: [basecommands.smx] "Dr. WilzzubB0b<2><[U:1:187499203]><>" changed map to "trikz_cyrus"
L 08/18/2021 - 18:21:43: [SM] Changed map to "trikz_cyrus"
L 08/18/2021 - 18:21:44: -------- Mapchange to trikz_cyrus --------
L 08/18/2021 - 18:22:01: Log file closed.
L 08/18/2021 - 18:22:13: SourceMod log file session started (file "C:\Users\wille\Desktop\css\cssds\cstrike\addons\sourcemod\logs\L20210818.log") (Version "1.10.0.6510")
L 08/18/2021 - 18:22:13: [GEOIP] GeoIP database info: GEO-106FREE 20180327 Build 1 Copyright (c) 2018 MaxMind Inc All Rights Reserved
L 08/18/2021 - 18:33:23: SourceMod log file session started (file "C:\Users\wille\Desktop\css\cssds\cstrike\addons\sourcemod\logs\L20210818.log") (Version "1.10.0.6510")
L 08/18/2021 - 18:33:23: [GEOIP] GeoIP database info: GEO-106FREE 20180327 Build 1 Copyright (c) 2018 MaxMind Inc All Rights Reserved
L 08/18/2021 - 18:38:50: SourceMod log file session started (file "C:\Users\wille\Desktop\css\cssds\cstrike\addons\sourcemod\logs\L20210818.log") (Version "1.10.0.6510")
L 08/18/2021 - 18:38:50: [GEOIP] GeoIP database info: GEO-106FREE 20180327 Build 1 Copyright (c) 2018 MaxMind Inc All Rights Reserved
L 08/18/2021 - 18:40:50: Log file closed.
L 08/18/2021 - 18:41:00: SourceMod log file session started (file "C:\Users\wille\Desktop\css\cssds\cstrike\addons\sourcemod\logs\L20210818.log") (Version "1.10.0.6510")
L 08/18/2021 - 18:41:00: [GEOIP] GeoIP database info: GEO-106FREE 20180327 Build 1 Copyright (c) 2018 MaxMind Inc All Rights Reserved
L 08/18/2021 - 18:42:23: SourceMod log file session started (file "C:\Users\wille\Desktop\css\cssds\cstrike\addons\sourcemod\logs\L20210818.log") (Version "1.10.0.6510")
L 08/18/2021 - 18:42:23: [GEOIP] GeoIP database info: GEO-106FREE 20180327 Build 1 Copyright (c) 2018 MaxMind Inc All Rights Reserved
L 08/18/2021 - 18:42:47: Log file closed.
L 08/18/2021 - 18:53:22: SourceMod log file session started (file "C:\Users\wille\Desktop\css\cssds\cstrike\addons\sourcemod\logs\L20210818.log") (Version "1.10.0.6510")
L 08/18/2021 - 18:53:22: [GEOIP] GeoIP database info: GEO-106FREE 20180327 Build 1 Copyright (c) 2018 MaxMind Inc All Rights Reserved
L 08/18/2021 - 18:59:01: SourceMod log file session started (file "C:\Users\wille\Desktop\css\cssds\cstrike\addons\sourcemod\logs\L20210818.log") (Version "1.10.0.6510")
L 08/18/2021 - 18:59:01: [GEOIP] GeoIP database info: GEO-106FREE 20180327 Build 1 Copyright (c) 2018 MaxMind Inc All Rights Reserved
L 08/18/2021 - 19:00:18: [basecommands.smx] "Dr. WilzzubB0b<2><[U:1:187499203]><>" changed map to "daemon"
L 08/18/2021 - 19:00:21: [SM] Changed map to "daemon"
L 08/18/2021 - 19:00:22: -------- Mapchange to trikz_daemon --------
L 08/18/2021 - 19:03:56: Log file closed.
L 08/18/2021 - 19:04:14: SourceMod log file session started (file "C:\Users\wille\Desktop\css\cssds\cstrike\addons\sourcemod\logs\L20210818.log") (Version "1.10.0.6510")
L 08/18/2021 - 19:04:14: [GEOIP] GeoIP database info: GEO-106FREE 20180327 Build 1 Copyright (c) 2018 MaxMind Inc All Rights Reserved
L 08/18/2021 - 19:22:17: SourceMod log file session started (file "C:\Users\wille\Desktop\css\cssds\cstrike\addons\sourcemod\logs\L20210818.log") (Version "1.10.0.6510")
L 08/18/2021 - 19:22:17: [GEOIP] GeoIP database info: GEO-106FREE 20180327 Build 1 Copyright (c) 2018 MaxMind Inc All Rights Reserved
L 08/18/2021 - 19:26:01: Log file closed.
L 08/18/2021 - 19:26:08: SourceMod log file session started (file "C:\Users\wille\Desktop\css\cssds\cstrike\addons\sourcemod\logs\L20210818.log") (Version "1.10.0.6510")
L 08/18/2021 - 19:26:08: [GEOIP] GeoIP database info: GEO-106FREE 20180327 Build 1 Copyright (c) 2018 MaxMind Inc All Rights Reserved
L 08/18/2021 - 19:27:05: SourceMod log file session started (file "C:\Users\wille\Desktop\css\cssds\cstrike\addons\sourcemod\logs\L20210818.log") (Version "1.10.0.6510")
L 08/18/2021 - 19:27:05: [GEOIP] GeoIP database info: GEO-106FREE 20180327 Build 1 Copyright (c) 2018 MaxMind Inc All Rights Reserved
L 08/18/2021 - 19:28:57: SourceMod log file session started (file "C:\Users\wille\Desktop\css\cssds\cstrike\addons\sourcemod\logs\L20210818.log") (Version "1.10.0.6510")
L 08/18/2021 - 19:28:57: [GEOIP] GeoIP database info: GEO-106FREE 20180327 Build 1 Copyright (c) 2018 MaxMind Inc All Rights Reserved
L 08/18/2021 - 19:29:20: Log file closed.
L 08/18/2021 - 19:29:26: SourceMod log file session started (file "C:\Users\wille\Desktop\css\cssds\cstrike\addons\sourcemod\logs\L20210818.log") (Version "1.10.0.6510")
L 08/18/2021 - 19:29:26: [GEOIP] GeoIP database info: GEO-106FREE 20180327 Build 1 Copyright (c) 2018 MaxMind Inc All Rights Reserved
L 08/18/2021 - 19:30:13: Log file closed.
L 08/18/2021 - 19:31:23: SourceMod log file session started (file "C:\Users\wille\Desktop\css\cssds\cstrike\addons\sourcemod\logs\L20210818.log") (Version "1.10.0.6510")
L 08/18/2021 - 19:31:23: [GEOIP] GeoIP database info: GEO-106FREE 20180327 Build 1 Copyright (c) 2018 MaxMind Inc All Rights Reserved
L 08/18/2021 - 19:37:42: [funcommands.smx] "Dr. WilzzubB0b<2><[U:1:187499203]><>" toggled noclip on "Dr. WilzzubB0b<2><[U:1:187499203]><>"
L 08/18/2021 - 19:37:53: [funcommands.smx] "Dr. WilzzubB0b<2><[U:1:187499203]><>" toggled noclip on "Dr. WilzzubB0b<2><[U:1:187499203]><>"
L 08/18/2021 - 19:39:00: [basebans.smx] "Dr. WilzzubB0b<2><[U:1:187499203]><>" banned "a real man (joke)<3><[U:1:1220770710]><>" (minutes "0") (reason "Sorry we are playing together :)")
L 08/18/2021 - 19:45:23: Log file closed.
L 08/18/2021 - 19:48:01: SourceMod log file session started (file "C:\Users\wille\Desktop\css\cssds\cstrike\addons\sourcemod\logs\L20210818.log") (Version "1.10.0.6510")
L 08/18/2021 - 19:48:01: [GEOIP] GeoIP database info: GEO-106FREE 20180327 Build 1 Copyright (c) 2018 MaxMind Inc All Rights Reserved
L 08/18/2021 - 20:05:00: Log file closed.
L 08/18/2021 - 20:05:36: SourceMod log file session started (file "C:\Users\wille\Desktop\css\cssds\cstrike\addons\sourcemod\logs\L20210818.log") (Version "1.10.0.6510")
L 08/18/2021 - 20:05:36: [GEOIP] GeoIP database info: GEO-106FREE 20180327 Build 1 Copyright (c) 2018 MaxMind Inc All Rights Reserved
L 08/18/2021 - 20:11:57: Log file closed.
L 08/18/2021 - 20:17:25: SourceMod log file session started (file "I:\steamCMD\trikz server\cssds\cstrike\addons\sourcemod\logs\L20210818.log") (Version "1.10.0.6510")
L 08/18/2021 - 20:17:25: [GEOIP] GeoIP database info: GEO-106FREE 20180327 Build 1 Copyright (c) 2018 MaxMind Inc All Rights Reserved
L 08/18/2021 - 20:22:37: [basecommands.smx] "TyöstöKärry<4><[U:1:91517524]><>" changed map to "trikz_eonia"
L 08/18/2021 - 20:22:40: [SM] Changed map to "trikz_eonia"
L 08/18/2021 - 20:22:40: -------- Mapchange to trikz_eonia --------
L 08/18/2021 - 20:25:07: Log file closed.
L 08/18/2021 - 20:27:00: SourceMod log file session started (file "I:\steamCMD\trikz server\cssds\cstrike\addons\sourcemod\logs\L20210818.log") (Version "1.10.0.6510")
L 08/18/2021 - 20:27:00: [GEOIP] GeoIP database info: GEO-106FREE 20180327 Build 1 Copyright (c) 2018 MaxMind Inc All Rights Reserved
L 08/18/2021 - 20:27:51: [basecommands.smx] "TyöstöKärry<2><[U:1:91517524]><>" changed map to "trikz_eonia"
L 08/18/2021 - 20:27:54: [SM] Changed map to "trikz_eonia"
L 08/18/2021 - 20:27:55: -------- Mapchange to trikz_eonia --------
L 08/18/2021 - 20:28:39: [teleport.smx] "Dr. WilzzubB0b<4><[U:1:187499203]><>" teleported to "TyöstöKärry<2><[U:1:91517524]><>".
L 08/18/2021 - 21:28:21: [basecommands.smx] "TyöstöKärry<2><[U:1:91517524]><>" changed map to "trikz_MoscowDno"
L 08/18/2021 - 21:28:24: [SM] Changed map to "trikz_MoscowDno"
L 08/18/2021 - 21:28:24: -------- Mapchange to trikz_MoscowDno --------
L 08/18/2021 - 21:34:36: [basecommands.smx] "TyöstöKärry<2><[U:1:91517524]><>" changed map to "trikz_penguin"
L 08/18/2021 - 21:34:39: [SM] Changed map to "trikz_penguin"
L 08/18/2021 - 21:34:41: -------- Mapchange to trikz_penguin --------
L 08/18/2021 - 23:13:14: Log file closed.
