L 08/28/2021 - 01:34:52: SourceMod log file session started (file "i:\steamcmd\trikz_server\cssds\cstrike\addons\sourcemod\logs\L20210828.log") (Version "1.10.0.6510")
L 08/28/2021 - 01:34:52: [GEOIP] GeoIP database info: GEO-106FREE 20180327 Build 1 Copyright (c) 2018 MaxMind Inc All Rights Reserved
L 08/28/2021 - 01:35:20: [basecommands.smx] "TyöstöKärry<2><[U:1:91517524]><>" changed map to "trikz_2_hard"
L 08/28/2021 - 01:35:23: [SM] Changed map to "trikz_2_hard"
L 08/28/2021 - 01:35:23: -------- Mapchange to trikz_2_hard --------
L 08/28/2021 - 01:35:44: [basecommands.smx] "TyöstöKärry<2><[U:1:91517524]><>" changed map to "trikz_Obsidian_v3"
L 08/28/2021 - 01:35:47: [SM] Changed map to "trikz_Obsidian_v3"
L 08/28/2021 - 01:35:48: -------- Mapchange to trikz_Obsidian_v3 --------
L 08/28/2021 - 01:41:00: [teleport.smx] "Dr. WilzzubB0b<6><[U:1:187499203]><>" teleported to "TyöstöKärry<2><[U:1:91517524]><>".
L 08/28/2021 - 02:11:46: [basecommands.smx] "TyöstöKärry<2><[U:1:91517524]><>" changed map to "trikz_addict"
L 08/28/2021 - 02:11:49: [SM] Changed map to "trikz_addict"
L 08/28/2021 - 02:11:49: -------- Mapchange to trikz_addict --------
L 08/28/2021 - 02:25:53: [basecommands.smx] "TyöstöKärry<2><[U:1:91517524]><>" changed map to "trikz_eXtreme_final"
L 08/28/2021 - 02:25:56: [SM] Changed map to "trikz_eXtreme_final"
L 08/28/2021 - 02:25:56: -------- Mapchange to trikz_eXtreme_final --------
L 08/28/2021 - 23:35:11: SourceMod log file session started (file "i:\steamcmd\trikz_server\cssds\cstrike\addons\sourcemod\logs\L20210828.log") (Version "1.10.0.6510")
L 08/28/2021 - 23:35:11: [GEOIP] GeoIP database info: GEO-106FREE 20180327 Build 1 Copyright (c) 2018 MaxMind Inc All Rights Reserved
L 08/28/2021 - 23:37:22: "Dr. WilzzubB0b<3><[U:1:91517524]><>" was already connected to the server.
L 08/28/2021 - 23:38:13: [basecommands.smx] "TyöstöKärry<4><[U:1:91517524]><>" changed map to "trikz_exssses"
L 08/28/2021 - 23:38:16: [SM] Changed map to "trikz_exssses"
L 08/28/2021 - 23:38:22: -------- Mapchange to trikz_exssses --------
L 08/29/2021 - 02:33:22: Log file closed.
