L 08/19/2021 - 00:35:15: SourceMod log file session started (file "I:\steamCMD\trikz server\cssds\cstrike\addons\sourcemod\logs\L20210819.log") (Version "1.10.0.6510")
L 08/19/2021 - 00:35:15: [GEOIP] GeoIP database info: GEO-106FREE 20180327 Build 1 Copyright (c) 2018 MaxMind Inc All Rights Reserved
L 08/19/2021 - 00:37:38: [teleport.smx] "Dr. WilzzubB0b<2><[U:1:187499203]><>" teleported to "TyöstöKärry<3><[U:1:91517524]><>".
L 08/19/2021 - 00:37:43: [teleport.smx] "Dr. WilzzubB0b<2><[U:1:187499203]><>" teleported to "TyöstöKärry<3><[U:1:91517524]><>".
L 08/19/2021 - 01:11:58: Log file closed.
L 08/19/2021 - 18:46:49: SourceMod log file session started (file "I:\steamCMD\trikz server\cssds\cstrike\addons\sourcemod\logs\L20210819.log") (Version "1.10.0.6510")
L 08/19/2021 - 18:46:49: [GEOIP] GeoIP database info: GEO-106FREE 20180327 Build 1 Copyright (c) 2018 MaxMind Inc All Rights Reserved
L 08/19/2021 - 18:50:26: [basecommands.smx] "TyöstöKärry<4><[U:1:91517524]><>" changed map to "trikz_asdfsda_final"
L 08/19/2021 - 18:50:29: [SM] Changed map to "trikz_asdfsda_final"
L 08/19/2021 - 18:50:30: -------- Mapchange to trikz_asdfsda_final --------
L 08/19/2021 - 20:02:18: [basecommands.smx] "Dr. WilzzubB0b<6><[U:1:187499203]><>" changed map to "trikz_adventure"
L 08/19/2021 - 20:02:21: [SM] Changed map to "trikz_adventure"
L 08/19/2021 - 20:02:27: -------- Mapchange to trikz_adventure --------
L 08/19/2021 - 20:29:13: [basecommands.smx] "TyöstöKärry<4><[U:1:91517524]><>" changed map to "trikz_MoscowDno"
L 08/19/2021 - 20:29:16: [SM] Changed map to "trikz_MoscowDno"
L 08/19/2021 - 20:29:17: -------- Mapchange to trikz_MoscowDno --------
L 08/19/2021 - 20:29:45: [basecommands.smx] "Dr. WilzzubB0b<6><[U:1:187499203]><>" changed map to "adventure"
L 08/19/2021 - 20:29:47: [basecommands.smx] "TyöstöKärry<4><[U:1:91517524]><>" changed map to "trikz_adventure"
L 08/19/2021 - 20:29:49: [SM] Changed map to "adventure"
L 08/19/2021 - 20:29:49: -------- Mapchange to trikz_adventure --------
L 08/19/2021 - 20:29:52: [SM] Changed map to "trikz_adventure"
L 08/19/2021 - 20:29:52: -------- Mapchange to trikz_adventure --------
L 08/19/2021 - 21:10:00: Log file closed.
L 08/19/2021 - 23:14:20: SourceMod log file session started (file "I:\steamCMD\trikz server\cssds\cstrike\addons\sourcemod\logs\L20210819.log") (Version "1.10.0.6510")
L 08/19/2021 - 23:14:20: [GEOIP] GeoIP database info: GEO-106FREE 20180327 Build 1 Copyright (c) 2018 MaxMind Inc All Rights Reserved
L 08/19/2021 - 23:39:42: [basecommands.smx] "TyöstöKärry<2><[U:1:91517524]><>" changed map to "trikz_practice"
L 08/19/2021 - 23:39:45: [SM] Changed map to "trikz_practice"
L 08/19/2021 - 23:39:45: -------- Mapchange to trikz_practice --------
L 08/19/2021 - 23:40:12: Log file closed.
L 08/19/2021 - 23:40:15: SourceMod log file session started (file "I:\steamCMD\trikz server\cssds\cstrike\addons\sourcemod\logs\L20210819.log") (Version "1.10.0.6510")
L 08/19/2021 - 23:40:15: [GEOIP] GeoIP database info: GEO-106FREE 20180327 Build 1 Copyright (c) 2018 MaxMind Inc All Rights Reserved
L 08/19/2021 - 23:40:49: Log file closed.
L 08/19/2021 - 23:40:53: SourceMod log file session started (file "I:\steamCMD\trikz server\cssds\cstrike\addons\sourcemod\logs\L20210819.log") (Version "1.10.0.6510")
L 08/19/2021 - 23:40:53: [GEOIP] GeoIP database info: GEO-106FREE 20180327 Build 1 Copyright (c) 2018 MaxMind Inc All Rights Reserved
L 08/19/2021 - 23:42:32: Log file closed.
L 08/19/2021 - 23:42:36: SourceMod log file session started (file "I:\steamCMD\trikz server\cssds\cstrike\addons\sourcemod\logs\L20210819.log") (Version "1.10.0.6510")
L 08/19/2021 - 23:42:36: [GEOIP] GeoIP database info: GEO-106FREE 20180327 Build 1 Copyright (c) 2018 MaxMind Inc All Rights Reserved
L 08/20/2021 - 00:30:05: Log file closed.
